Using pre-set license
Built from '2023.1/staging' branch; Version is '2023.1.5f1 (9dce81d9e7e0) revision 10342017'; Using compiler version '192829333'; Build Type 'Release'
OS: 'Windows 11  (10.0.22621) 64bit Core' Language: 'ru' Physical Memory: 16236 MB
BatchMode: 1, IsHumanControllingUs: 0, StartBugReporterOnCrash: 0, Is64bit: 1, IsPro: 1

COMMAND LINE ARGUMENTS:
C:\Program Files\Unity 2023.1.5f1\Editor\Unity.exe
-adb2
-batchMode
-noUpm
-name
AssetImportWorker3
-projectPath
C:/Users/user/Desktop/P1/test_unity/2d
-logFile
Logs/AssetImportWorker3.log
-srvPort
56521
Successfully changed project path to: C:/Users/user/Desktop/P1/test_unity/2d
C:/Users/user/Desktop/P1/test_unity/2d
[UnityMemory] Configuration Parameters - Can be set up in boot.config
    "memorysetup-bucket-allocator-granularity=16"
    "memorysetup-bucket-allocator-bucket-count=8"
    "memorysetup-bucket-allocator-block-size=33554432"
    "memorysetup-bucket-allocator-block-count=8"
    "memorysetup-main-allocator-block-size=16777216"
    "memorysetup-thread-allocator-block-size=16777216"
    "memorysetup-gfx-main-allocator-block-size=16777216"
    "memorysetup-gfx-thread-allocator-block-size=16777216"
    "memorysetup-cache-allocator-block-size=4194304"
    "memorysetup-typetree-allocator-block-size=2097152"
    "memorysetup-profiler-bucket-allocator-granularity=16"
    "memorysetup-profiler-bucket-allocator-bucket-count=8"
    "memorysetup-profiler-bucket-allocator-block-size=33554432"
    "memorysetup-profiler-bucket-allocator-block-count=8"
    "memorysetup-profiler-allocator-block-size=16777216"
    "memorysetup-profiler-editor-allocator-block-size=1048576"
    "memorysetup-temp-allocator-size-main=16777216"
    "memorysetup-job-temp-allocator-block-size=2097152"
    "memorysetup-job-temp-allocator-block-size-background=1048576"
    "memorysetup-job-temp-allocator-reduction-small-platforms=262144"
    "memorysetup-allocator-temp-initial-block-size-main=262144"
    "memorysetup-allocator-temp-initial-block-size-worker=262144"
    "memorysetup-temp-allocator-size-background-worker=32768"
    "memorysetup-temp-allocator-size-job-worker=262144"
    "memorysetup-temp-allocator-size-preload-manager=33554432"
    "memorysetup-temp-allocator-size-nav-mesh-worker=65536"
    "memorysetup-temp-allocator-size-audio-worker=65536"
    "memorysetup-temp-allocator-size-cloud-worker=32768"
    "memorysetup-temp-allocator-size-gi-baking-worker=262144"
    "memorysetup-temp-allocator-size-gfx=262144"
Player connection [31020] Host "[IP] 192.168.100.4 [Port] 0 [Flags] 2 [Guid] 3365780968 [EditorId] 3365780968 [Version] 1048832 [Id] WindowsEditor(7,Lenowo) [Debug] 1 [PackageName] WindowsEditor [ProjectName] Editor" joined multi-casting on [225.0.0.222:54997]...

Player connection [31020] Host "[IP] 192.168.100.4 [Port] 0 [Flags] 2 [Guid] 3365780968 [EditorId] 3365780968 [Version] 1048832 [Id] WindowsEditor(7,Lenowo) [Debug] 1 [PackageName] WindowsEditor [ProjectName] Editor" joined alternative multi-casting on [225.0.0.222:34997]...

Library Redirect Path: Library/Refreshing native plugins compatible for Editor in 142.24 ms, found 4 plugins.
Preloading 0 native plugins for Editor in 0.00 ms.
Initialize engine version: 2023.1.5f1 (9dce81d9e7e0)
[Subsystems] Discovering subsystems at path C:/Program Files/Unity 2023.1.5f1/Editor/Data/Resources/UnitySubsystems
[Subsystems] Discovering subsystems at path C:/Users/user/Desktop/P1/test_unity/2d/Assets
GfxDevice: creating device client; threaded=0; jobified=0
Direct3D:
    Version:  Direct3D 11.0 [level 11.1]
    Renderer: NVIDIA GeForce RTX 3050 Ti Laptop GPU (ID=0x25e0)
    Vendor:   NVIDIA
    VRAM:     3976 MB
    Driver:   31.0.15.3623
Initialize mono
Mono path[0] = 'C:/Program Files/Unity 2023.1.5f1/Editor/Data/Managed'
Mono path[1] = 'C:/Program Files/Unity 2023.1.5f1/Editor/Data/MonoBleedingEdge/lib/mono/unityjit-win32'
Mono config path = 'C:/Program Files/Unity 2023.1.5f1/Editor/Data/MonoBleedingEdge/etc'
Using monoOptions --debugger-agent=transport=dt_socket,embedding=1,server=y,suspend=n,address=127.0.0.1:56428
Begin MonoManager ReloadAssembly
C:\build\output\Unity-Technologies\mono\mono\metadata\icall.c:1842:
C:\build\output\Unity-Technologies\mono\mono\metadata\icall.c:1842:
C:\build\output\Unity-Technologies\mono\mono\metadata\icall.c:1842:
C:\build\output\Unity-Technologies\mono\mono\metadata\icall.c:1842:
C:\build\output\Unity-Technologies\mono\mono\metadata\icall.c:1842:
C:\build\output\Unity-Technologies\mono\mono\metadata\icall.c:1842:
C:\build\output\Unity-Technologies\mono\mono\metadata\icall.c:1842:
C:\build\output\Unity-Technologies\mono\mono\metadata\icall.c:1842:
C:\build\output\Unity-Technologies\mono\mono\metadata\icall.c:1842:
C:\build\output\Unity-Technologies\mono\mono\metadata\icall.c:1842:
Registering precompiled unity dll's ...
Register platform support module: C:/Program Files/Unity 2023.1.5f1/Editor/Data/PlaybackEngines/WindowsStandaloneSupport/UnityEditor.WindowsStandalone.Extensions.dll
Registered in 0.002145 seconds.
- Loaded All Assemblies, in  0.769 seconds
Native extension for WindowsStandalone target not found
Mono: successfully reloaded assembly
C:\build\output\Unity-Technologies\mono\mono\metadata\icall.c:1842:
C:\build\output\Unity-Technologies\mono\mono\metadata\icall.c:1842:
- Finished resetting the current domain, in  0.307 seconds
Domain Reload Profiling: 1075ms
	BeginReloadAssembly (136ms)
		ExecutionOrderSort (0ms)
		DisableScriptedObjects (0ms)
		BackupInstance (0ms)
		ReleaseScriptingObjects (0ms)
		CreateAndSetChildDomain (1ms)
	RebuildCommonClasses (226ms)
	RebuildNativeTypeToScriptingClass (12ms)
	initialDomainReloadingComplete (58ms)
	LoadAllAssembliesAndSetupDomain (336ms)
		LoadAssemblies (134ms)
		RebuildTransferFunctionScriptingTraits (0ms)
		AnalyzeDomain (332ms)
			TypeCache.Refresh (330ms)
				TypeCache.ScanAssembly (318ms)
			ScanForSourceGeneratedMonoScriptInfo (0ms)
			ResolveRequiredComponents (1ms)
	FinalizeReload (308ms)
		ReleaseScriptCaches (0ms)
		RebuildScriptCaches (0ms)
		SetupLoadedEditorAssemblies (255ms)
			LogAssemblyErrors (0ms)
			InitializePlatformSupportModulesInManaged (10ms)
			SetLoadedEditorAssemblies (4ms)
			BeforeProcessingInitializeOnLoad (7ms)
			ProcessInitializeOnLoadAttributes (175ms)
			ProcessInitializeOnLoadMethodAttributes (60ms)
			AfterProcessingInitializeOnLoad (0ms)
			EditorAssembliesLoaded (0ms)
		ExecutionOrderSort2 (0ms)
		AwakeInstancesAfterBackupRestoration (0ms)
========================================================================
Worker process is ready to serve import requests
Import Worker Mode flag is 0x00
Begin MonoManager ReloadAssembly
C:\build\output\Unity-Technologies\mono\mono\metadata\icall.c:1842:
C:\build\output\Unity-Technologies\mono\mono\metadata\icall.c:1842:
C:\build\output\Unity-Technologies\mono\mono\metadata\icall.c:1842:
C:\build\output\Unity-Technologies\mono\mono\metadata\icall.c:1842:
C:\build\output\Unity-Technologies\mono\mono\metadata\icall.c:1842:
C:\build\output\Unity-Technologies\mono\mono\metadata\icall.c:1842:
C:\build\output\Unity-Technologies\mono\mono\metadata\icall.c:1842:
C:\build\output\Unity-Technologies\mono\mono\metadata\icall.c:1842:
C:\build\output\Unity-Technologies\mono\mono\metadata\icall.c:1842:
C:\build\output\Unity-Technologies\mono\mono\metadata\icall.c:1842:
C:\build\output\Unity-Technologies\mono\mono\metadata\icall.c:1842:
C:\build\output\Unity-Technologies\mono\mono\metadata\icall.c:1842:
Symbol file LoadedFromMemory doesn't match image C:\Users\user\Desktop\P1\test_unity\2d\Library\PackageCache\com.unity.visualscripting@1.8.0\Editor\VisualScripting.Core\Dependencies\YamlDotNet\Unity.VisualScripting.YamlDotNet.dll
Symbol file LoadedFromMemory doesn't match image C:\Users\user\Desktop\P1\test_unity\2d\Library\PackageCache\com.unity.visualscripting@1.8.0\Editor\VisualScripting.Core\Dependencies\DotNetZip\Unity.VisualScripting.IonicZip.dll
- Loaded All Assemblies, in  1.052 seconds
Refreshing native plugins compatible for Editor in 3.28 ms, found 4 plugins.
Native extension for WindowsStandalone target not found
Mono: successfully reloaded assembly
- Finished resetting the current domain, in  0.619 seconds
Domain Reload Profiling: 1669ms
	BeginReloadAssembly (334ms)
		ExecutionOrderSort (0ms)
		DisableScriptedObjects (6ms)
		BackupInstance (0ms)
		ReleaseScriptingObjects (0ms)
		CreateAndSetChildDomain (39ms)
	RebuildCommonClasses (35ms)
	RebuildNativeTypeToScriptingClass (11ms)
	initialDomainReloadingComplete (38ms)
	LoadAllAssembliesAndSetupDomain (633ms)
		LoadAssemblies (339ms)
		RebuildTransferFunctionScriptingTraits (0ms)
		AnalyzeDomain (387ms)
			TypeCache.Refresh (359ms)
				TypeCache.ScanAssembly (340ms)
			ScanForSourceGeneratedMonoScriptInfo (23ms)
			ResolveRequiredComponents (4ms)
	FinalizeReload (620ms)
		ReleaseScriptCaches (0ms)
		RebuildScriptCaches (0ms)
		SetupLoadedEditorAssemblies (393ms)
			LogAssemblyErrors (0ms)
			InitializePlatformSupportModulesInManaged (5ms)
			SetLoadedEditorAssemblies (3ms)
			BeforeProcessingInitializeOnLoad (84ms)
			ProcessInitializeOnLoadAttributes (266ms)
			ProcessInitializeOnLoadMethodAttributes (32ms)
			AfterProcessingInitializeOnLoad (3ms)
			EditorAssembliesLoaded (0ms)
		ExecutionOrderSort2 (0ms)
		AwakeInstancesAfterBackupRestoration (6ms)
Launched and connected shader compiler UnityShaderCompiler.exe after 0.05 seconds
Refreshing native plugins compatible for Editor in 5.09 ms, found 4 plugins.
Preloading 0 native plugins for Editor in 0.00 ms.
Unloading 4082 Unused Serialized files (Serialized files now loaded: 0)
Unloading 63 unused Assets / (56.6 KB). Loaded Objects now: 4623.
Memory consumption went from 146.7 MB to 146.6 MB.
Total: 6.982400 ms (FindLiveObjects: 0.421200 ms CreateObjectMapping: 0.418600 ms MarkObjects: 5.990100 ms  DeleteObjects: 0.150800 ms)

AssetImportParameters requested are different than current active one (requested -> active):
  custom:video-decoder-webm-vp8: 9c59270c3fd7afecdb556c50c9e8de78 -> 
  custom:audio-encoder-webm-vorbis: bf7c407c2cedff20999df2af8eb42d56 -> 
  custom:AudioImporter_EditorPlatform: d09bf68614088b80899f8185d706f6e7 -> 
  custom:audio-decoder-ogg-vorbis: bf7c407c2cedff20999df2af8eb42d56 -> 
  custom:video-encoder-webm-vp8: eb34c28f22e8b96e1ab97ce403110664 -> 
  custom:container-demuxer-ogg: 62fdf1f143b41e24485cea50d1cbac27 -> 
  custom:framework-win-MediaFoundation: 216162199b28c13a410421893ffa2e32 -> 
  custom:video-decoder-ogg-theora: a1e56fd34408186e4bbccfd4996cb3dc -> 
  custom:container-muxer-webm: aa71ff27fc2769a1b78a27578f13a17b -> 
  custom:video-codec-MediaFoundation-h265: 746d11721c4dcdbdad8f713fa42b33f4 -> 
  custom:CustomObjectIndexerAttribute: 756ad292c208cfabdd7b50bc23989ffe -> 
  custom:container-demuxer-webm: 4f35f7cbe854078d1ac9338744f61a02 -> 
========================================================================
Received Import Request.
  Time since last request: 1207928.258137 seconds.
  path: Assets/platformer/Extra animations and enemies/Alien sprites/alienPink_badge1.png
  artifactKey: Guid(0b1bb983aaf0cfc4fa49d3a8934ad49f) Importer(815301076,1909f56bfc062723c751e8b465ee728b)
Start importing Assets/platformer/Extra animations and enemies/Alien sprites/alienPink_badge1.png using Guid(0b1bb983aaf0cfc4fa49d3a8934ad49f) Importer(815301076,1909f56bfc062723c751e8b465ee728b)  -> (artifact id: 'd4ab4bae9d4e419549ae1b7dddcd6d6d') in 0.094286 seconds
Number of updated asset objects reloaded before import = 0
Number of asset objects unloaded after import = 3
========================================================================
Received Import Request.
  Time since last request: 2.048210 seconds.
  path: Assets/platformer/Buildings expansion/Tiles/anemometer.png
  artifactKey: Guid(5418f2abcd969bf4b97558523ee90dca) Importer(815301076,1909f56bfc062723c751e8b465ee728b)
Start importing Assets/platformer/Buildings expansion/Tiles/anemometer.png using Guid(5418f2abcd969bf4b97558523ee90dca) Importer(815301076,1909f56bfc062723c751e8b465ee728b)  -> (artifact id: '9b2ce199deef32085f448ba547e26de0') in 0.018830 seconds
Number of updated asset objects reloaded before import = 0
Number of asset objects unloaded after import = 3
========================================================================
Received Import Request.
  Time since last request: 38.871111 seconds.
  path: Assets/crosshair/PNG/White/crosshair008.png
  artifactKey: Guid(9b91104f9daddf8429cca67c675b7ea9) Importer(815301076,1909f56bfc062723c751e8b465ee728b)
Start importing Assets/crosshair/PNG/White/crosshair008.png using Guid(9b91104f9daddf8429cca67c675b7ea9) Importer(815301076,1909f56bfc062723c751e8b465ee728b)  -> (artifact id: '2793b7085e8c348eb8d6f9cb1aab5a5e') in 0.030606 seconds
Number of updated asset objects reloaded before import = 0
Number of asset objects unloaded after import = 7
========================================================================
Received Import Request.
  Time since last request: 0.000062 seconds.
  path: Assets/crosshair/PNG/Black Retina/crosshair009.png
  artifactKey: Guid(04bcaaacb21d0214e9f6eebe8a77d0a4) Importer(815301076,1909f56bfc062723c751e8b465ee728b)
Start importing Assets/crosshair/PNG/Black Retina/crosshair009.png using Guid(04bcaaacb21d0214e9f6eebe8a77d0a4) Importer(815301076,1909f56bfc062723c751e8b465ee728b)  -> (artifact id: 'ff682e818a7e34ea8335558692935ab0') in 0.027028 seconds
Number of updated asset objects reloaded before import = 0
Number of asset objects unloaded after import = 6
========================================================================
Received Import Request.
  Time since last request: 0.011212 seconds.
  path: Assets/crosshair/PNG/Outline Retina/crosshair011.png
  artifactKey: Guid(54b051d3b4e5a1748865f7494e9aa15a) Importer(815301076,1909f56bfc062723c751e8b465ee728b)
Start importing Assets/crosshair/PNG/Outline Retina/crosshair011.png using Guid(54b051d3b4e5a1748865f7494e9aa15a) Importer(815301076,1909f56bfc062723c751e8b465ee728b)  -> (artifact id: 'e5e4cab00848fb1d5914a84b98ee1a87') in 0.027492 seconds
Number of updated asset objects reloaded before import = 0
Number of asset objects unloaded after import = 6
========================================================================
Received Import Request.
  Time since last request: 0.028178 seconds.
  path: Assets/crosshair/PNG/Black/crosshair027.png
  artifactKey: Guid(1a9b2f69226f8f647b27e019e7a8c985) Importer(815301076,1909f56bfc062723c751e8b465ee728b)
Start importing Assets/crosshair/PNG/Black/crosshair027.png using Guid(1a9b2f69226f8f647b27e019e7a8c985) Importer(815301076,1909f56bfc062723c751e8b465ee728b)  -> (artifact id: '75f83f48448dc76a14950555c9abb0d0') in 0.027141 seconds
Number of updated asset objects reloaded before import = 0
Number of asset objects unloaded after import = 7
========================================================================
Received Import Request.
  Time since last request: 0.000054 seconds.
  path: Assets/crosshair/PNG/Black Retina/crosshair027.png
  artifactKey: Guid(c462baf757fedff4fb342328493ce502) Importer(815301076,1909f56bfc062723c751e8b465ee728b)
Start importing Assets/crosshair/PNG/Black Retina/crosshair027.png using Guid(c462baf757fedff4fb342328493ce502) Importer(815301076,1909f56bfc062723c751e8b465ee728b)  -> (artifact id: '7df437ed9e04020ffb5a77ed700925e3') in 0.035844 seconds
Number of updated asset objects reloaded before import = 0
Number of asset objects unloaded after import = 7
========================================================================
Received Import Request.
  Time since last request: 0.005289 seconds.
  path: Assets/crosshair/PNG/Black Retina/crosshair042.png
  artifactKey: Guid(dac48f618c35d184db88ae474281e035) Importer(815301076,1909f56bfc062723c751e8b465ee728b)
Start importing Assets/crosshair/PNG/Black Retina/crosshair042.png using Guid(dac48f618c35d184db88ae474281e035) Importer(815301076,1909f56bfc062723c751e8b465ee728b)  -> (artifact id: '41d7fb78e7735d0d92d10b65cc04a6be') in 0.045875 seconds
Number of updated asset objects reloaded before import = 0
Number of asset objects unloaded after import = 10
========================================================================
Received Import Request.
  Time since last request: 0.369786 seconds.
  path: Assets/crosshair/PNG/Outline Retina/crosshair044.png
  artifactKey: Guid(fae4a1eec542d7e45a66d353d2d47951) Importer(815301076,1909f56bfc062723c751e8b465ee728b)
Start importing Assets/crosshair/PNG/Outline Retina/crosshair044.png using Guid(fae4a1eec542d7e45a66d353d2d47951) Importer(815301076,1909f56bfc062723c751e8b465ee728b)  -> (artifact id: 'cbef7bf03f8dbf6a07d193f76152204c') in 0.037847 seconds
Number of updated asset objects reloaded before import = 0
Number of asset objects unloaded after import = 9
========================================================================
Received Import Request.
  Time since last request: 0.022206 seconds.
  path: Assets/crosshair/PNG/Outline/crosshair045.png
  artifactKey: Guid(c8494b2d525bc9e48a6a2d4ce68b5299) Importer(815301076,1909f56bfc062723c751e8b465ee728b)
Start importing Assets/crosshair/PNG/Outline/crosshair045.png using Guid(c8494b2d525bc9e48a6a2d4ce68b5299) Importer(815301076,1909f56bfc062723c751e8b465ee728b)  -> (artifact id: 'e6590e9a3be786aca73d62cbe647307d') in 0.032359 seconds
Number of updated asset objects reloaded before import = 0
Number of asset objects unloaded after import = 7
========================================================================
Received Import Request.
  Time since last request: 0.081129 seconds.
  path: Assets/crosshair/PNG/White Retina/crosshair047.png
  artifactKey: Guid(52ddd0c79711cef4d888bf9a508c60b5) Importer(815301076,1909f56bfc062723c751e8b465ee728b)
Start importing Assets/crosshair/PNG/White Retina/crosshair047.png using Guid(52ddd0c79711cef4d888bf9a508c60b5) Importer(815301076,1909f56bfc062723c751e8b465ee728b)  -> (artifact id: 'c447591346172f564031a8e9fbb17345') in 0.030859 seconds
Number of updated asset objects reloaded before import = 0
Number of asset objects unloaded after import = 7
========================================================================
Received Import Request.
  Time since last request: 0.000027 seconds.
  path: Assets/crosshair/PNG/Black Retina/crosshair048.png
  artifactKey: Guid(de50c7f3feec49f449a90d8857aca4e3) Importer(815301076,1909f56bfc062723c751e8b465ee728b)
Start importing Assets/crosshair/PNG/Black Retina/crosshair048.png using Guid(de50c7f3feec49f449a90d8857aca4e3) Importer(815301076,1909f56bfc062723c751e8b465ee728b)  -> (artifact id: 'a09a9ff0ba5b654654670c1d1f868329') in 0.035567 seconds
Number of updated asset objects reloaded before import = 0
Number of asset objects unloaded after import = 10
========================================================================
Received Import Request.
  Time since last request: 0.002342 seconds.
  path: Assets/crosshair/PNG/White Retina/crosshair052.png
  artifactKey: Guid(6e6e42cc735f8ab409089ff557e24741) Importer(815301076,1909f56bfc062723c751e8b465ee728b)
Start importing Assets/crosshair/PNG/White Retina/crosshair052.png using Guid(6e6e42cc735f8ab409089ff557e24741) Importer(815301076,1909f56bfc062723c751e8b465ee728b)  -> (artifact id: 'ad566db6d054c7788dd66c32db76b465') in 0.033749 seconds
Number of updated asset objects reloaded before import = 0
Number of asset objects unloaded after import = 10
========================================================================
Received Import Request.
  Time since last request: 0.056176 seconds.
  path: Assets/crosshair/PNG/White Retina/crosshair055.png
  artifactKey: Guid(03e9854c426bf034989c7af28442865b) Importer(815301076,1909f56bfc062723c751e8b465ee728b)
Start importing Assets/crosshair/PNG/White Retina/crosshair055.png using Guid(03e9854c426bf034989c7af28442865b) Importer(815301076,1909f56bfc062723c751e8b465ee728b)  -> (artifact id: '875337581b0079b50bc8e651d614265f') in 0.028668 seconds
Number of updated asset objects reloaded before import = 0
Number of asset objects unloaded after import = 7
========================================================================
Received Import Request.
  Time since last request: 0.026530 seconds.
  path: Assets/crosshair/PNG/White/crosshair057.png
  artifactKey: Guid(f5b936cc602ebca4b96ae1a7e8485f86) Importer(815301076,1909f56bfc062723c751e8b465ee728b)
Start importing Assets/crosshair/PNG/White/crosshair057.png using Guid(f5b936cc602ebca4b96ae1a7e8485f86) Importer(815301076,1909f56bfc062723c751e8b465ee728b)  -> (artifact id: '2e6083ab08ba3ba08d7774d31461ecc1') in 0.023560 seconds
Number of updated asset objects reloaded before import = 0
Number of asset objects unloaded after import = 5
========================================================================
Received Import Request.
  Time since last request: 0.117265 seconds.
  path: Assets/crosshair/PNG/Black Retina/crosshair058.png
  artifactKey: Guid(32fe3a0bded0d7645b6d623fc95bda00) Importer(815301076,1909f56bfc062723c751e8b465ee728b)
Start importing Assets/crosshair/PNG/Black Retina/crosshair058.png using Guid(32fe3a0bded0d7645b6d623fc95bda00) Importer(815301076,1909f56bfc062723c751e8b465ee728b)  -> (artifact id: '115919d4996392705f11879b06470342') in 0.034865 seconds
Number of updated asset objects reloaded before import = 0
Number of asset objects unloaded after import = 7
========================================================================
Received Import Request.
  Time since last request: 0.000030 seconds.
  path: Assets/crosshair/PNG/Black Retina/crosshair059.png
  artifactKey: Guid(febac9ea877327245b86abe17bad507b) Importer(815301076,1909f56bfc062723c751e8b465ee728b)
Start importing Assets/crosshair/PNG/Black Retina/crosshair059.png using Guid(febac9ea877327245b86abe17bad507b) Importer(815301076,1909f56bfc062723c751e8b465ee728b)  -> (artifact id: '998d63fed3c480bd87a6a1e01fd64716') in 0.028193 seconds
Number of updated asset objects reloaded before import = 0
Number of asset objects unloaded after import = 6
========================================================================
Received Import Request.
  Time since last request: 0.023734 seconds.
  path: Assets/crosshair/PNG/Outline Retina/crosshair067.png
  artifactKey: Guid(df475f163db491046a45d2487c012f16) Importer(815301076,1909f56bfc062723c751e8b465ee728b)
Start importing Assets/crosshair/PNG/Outline Retina/crosshair067.png using Guid(df475f163db491046a45d2487c012f16) Importer(815301076,1909f56bfc062723c751e8b465ee728b)  -> (artifact id: 'b6b579bc6c7ca4bb038ce8a2045f9513') in 0.041884 seconds
Number of updated asset objects reloaded before import = 0
Number of asset objects unloaded after import = 10
========================================================================
Received Import Request.
  Time since last request: 0.462015 seconds.
  path: Assets/crosshair/PNG/White Retina/crosshair066.png
  artifactKey: Guid(dce73adb68dcb854082aabc9aa87207f) Importer(815301076,1909f56bfc062723c751e8b465ee728b)
Start importing Assets/crosshair/PNG/White Retina/crosshair066.png using Guid(dce73adb68dcb854082aabc9aa87207f) Importer(815301076,1909f56bfc062723c751e8b465ee728b)  -> (artifact id: '7a54532fa5dde38b5fa63f3a0ed8218f') in 0.024116 seconds
Number of updated asset objects reloaded before import = 0
Number of asset objects unloaded after import = 5
========================================================================
Received Import Request.
  Time since last request: 0.029667 seconds.
  path: Assets/crosshair/PNG/White/crosshair065.png
  artifactKey: Guid(3ef65ac1ff761794db4e69e6a7e4dbc3) Importer(815301076,1909f56bfc062723c751e8b465ee728b)
Start importing Assets/crosshair/PNG/White/crosshair065.png using Guid(3ef65ac1ff761794db4e69e6a7e4dbc3) Importer(815301076,1909f56bfc062723c751e8b465ee728b)  -> (artifact id: 'e82906c9a76c4fa6e2140ecc90ecf18f') in 0.025759 seconds
Number of updated asset objects reloaded before import = 0
Number of asset objects unloaded after import = 7
========================================================================
Received Import Request.
  Time since last request: 0.353783 seconds.
  path: Assets/crosshair/PNG/Outline Retina/crosshair069.png
  artifactKey: Guid(ef5c65b6f43660043b1f71dd8174e2b7) Importer(815301076,1909f56bfc062723c751e8b465ee728b)
Start importing Assets/crosshair/PNG/Outline Retina/crosshair069.png using Guid(ef5c65b6f43660043b1f71dd8174e2b7) Importer(815301076,1909f56bfc062723c751e8b465ee728b)  -> (artifact id: 'aad388097e72639f931dad36eef3b9ef') in 0.023030 seconds
Number of updated asset objects reloaded before import = 0
Number of asset objects unloaded after import = 5
========================================================================
Received Import Request.
  Time since last request: 0.000147 seconds.
  path: Assets/crosshair/PNG/White/crosshair070.png
  artifactKey: Guid(c0eae0fc068edcd4f8f25c5e0b1a103a) Importer(815301076,1909f56bfc062723c751e8b465ee728b)
Start importing Assets/crosshair/PNG/White/crosshair070.png using Guid(c0eae0fc068edcd4f8f25c5e0b1a103a) Importer(815301076,1909f56bfc062723c751e8b465ee728b)  -> (artifact id: '6f43bbba5e02da76be84af7e606e5e74') in 0.031233 seconds
Number of updated asset objects reloaded before import = 0
Number of asset objects unloaded after import = 7
========================================================================
Received Import Request.
  Time since last request: 0.023463 seconds.
  path: Assets/crosshair/PNG/Black/crosshair077.png
  artifactKey: Guid(9c513bbd5a10fcd4c98d4e974ab7447f) Importer(815301076,1909f56bfc062723c751e8b465ee728b)
Start importing Assets/crosshair/PNG/Black/crosshair077.png using Guid(9c513bbd5a10fcd4c98d4e974ab7447f) Importer(815301076,1909f56bfc062723c751e8b465ee728b)  -> (artifact id: '7a005836330bd3e68b4bcd55829c5ae1') in 0.016890 seconds
Number of updated asset objects reloaded before import = 0
Number of asset objects unloaded after import = 3
========================================================================
Received Import Request.
  Time since last request: 0.004072 seconds.
  path: Assets/crosshair/PNG/Black Retina/crosshair077.png
  artifactKey: Guid(37329dcdbdff9b644bde0ad2b63e9cd6) Importer(815301076,1909f56bfc062723c751e8b465ee728b)
Start importing Assets/crosshair/PNG/Black Retina/crosshair077.png using Guid(37329dcdbdff9b644bde0ad2b63e9cd6) Importer(815301076,1909f56bfc062723c751e8b465ee728b)  -> (artifact id: '2bcc4ccfc3dd8ce8870dfca3222b5c2e') in 0.020903 seconds
Number of updated asset objects reloaded before import = 0
Number of asset objects unloaded after import = 3
========================================================================
Received Import Request.
  Time since last request: 0.022195 seconds.
  path: Assets/crosshair/PNG/Black/crosshair080.png
  artifactKey: Guid(923d9c6917feb884f947c00da85df668) Importer(815301076,1909f56bfc062723c751e8b465ee728b)
Start importing Assets/crosshair/PNG/Black/crosshair080.png using Guid(923d9c6917feb884f947c00da85df668) Importer(815301076,1909f56bfc062723c751e8b465ee728b)  -> (artifact id: '1acbad9880cad94de52969d688890e59') in 0.039380 seconds
Number of updated asset objects reloaded before import = 0
Number of asset objects unloaded after import = 10
========================================================================
Received Import Request.
  Time since last request: 0.049203 seconds.
  path: Assets/crosshair/PNG/Black/crosshair081.png
  artifactKey: Guid(44502f73b1a00614da2057d5fa8d463d) Importer(815301076,1909f56bfc062723c751e8b465ee728b)
Start importing Assets/crosshair/PNG/Black/crosshair081.png using Guid(44502f73b1a00614da2057d5fa8d463d) Importer(815301076,1909f56bfc062723c751e8b465ee728b)  -> (artifact id: '2e11c4d796ca7bbd03b781881f3279f6') in 0.031655 seconds
Number of updated asset objects reloaded before import = 0
Number of asset objects unloaded after import = 7
========================================================================
Received Import Request.
  Time since last request: 0.077052 seconds.
  path: Assets/crosshair/PNG/White/crosshair085.png
  artifactKey: Guid(b2e9c1bb232eb31498b94648d8386a51) Importer(815301076,1909f56bfc062723c751e8b465ee728b)
Start importing Assets/crosshair/PNG/White/crosshair085.png using Guid(b2e9c1bb232eb31498b94648d8386a51) Importer(815301076,1909f56bfc062723c751e8b465ee728b)  -> (artifact id: 'bf30e8d6baa15487311575aa74b9ca12') in 0.024431 seconds
Number of updated asset objects reloaded before import = 0
Number of asset objects unloaded after import = 6
========================================================================
Received Import Request.
  Time since last request: 0.000114 seconds.
  path: Assets/crosshair/PNG/White/crosshair086.png
  artifactKey: Guid(aa45b64f232d96549bba8f6d5f9d75d2) Importer(815301076,1909f56bfc062723c751e8b465ee728b)
Start importing Assets/crosshair/PNG/White/crosshair086.png using Guid(aa45b64f232d96549bba8f6d5f9d75d2) Importer(815301076,1909f56bfc062723c751e8b465ee728b)  -> (artifact id: '24136eea66faeea91cfbb325d078e694') in 0.032714 seconds
Number of updated asset objects reloaded before import = 0
Number of asset objects unloaded after import = 6
========================================================================
Received Import Request.
  Time since last request: 0.017628 seconds.
  path: Assets/crosshair/PNG/White Retina/crosshair094.png
  artifactKey: Guid(a40b93596ffebfe4fb65c3407fd5672e) Importer(815301076,1909f56bfc062723c751e8b465ee728b)
Start importing Assets/crosshair/PNG/White Retina/crosshair094.png using Guid(a40b93596ffebfe4fb65c3407fd5672e) Importer(815301076,1909f56bfc062723c751e8b465ee728b)  -> (artifact id: '0f488e8db43c805b38de1690fdb2d788') in 0.044824 seconds
Number of updated asset objects reloaded before import = 0
Number of asset objects unloaded after import = 11
========================================================================
Received Import Request.
  Time since last request: 0.001871 seconds.
  path: Assets/crosshair/PNG/White/crosshair097.png
  artifactKey: Guid(3175028ae57ba394ba51025c8e5e6dd6) Importer(815301076,1909f56bfc062723c751e8b465ee728b)
Start importing Assets/crosshair/PNG/White/crosshair097.png using Guid(3175028ae57ba394ba51025c8e5e6dd6) Importer(815301076,1909f56bfc062723c751e8b465ee728b)  -> (artifact id: '637e3d1bba9e67f69e27545821cfd133') in 0.028756 seconds
Number of updated asset objects reloaded before import = 0
Number of asset objects unloaded after import = 6
========================================================================
Received Import Request.
  Time since last request: 0.036134 seconds.
  path: Assets/crosshair/PNG/White/crosshair104.png
  artifactKey: Guid(4bf8d565b1061dd44bb1aabea209b519) Importer(815301076,1909f56bfc062723c751e8b465ee728b)
Start importing Assets/crosshair/PNG/White/crosshair104.png using Guid(4bf8d565b1061dd44bb1aabea209b519) Importer(815301076,1909f56bfc062723c751e8b465ee728b)  -> (artifact id: '9c55343afb5a596e60e6322f9dbb7f22') in 0.019544 seconds
Number of updated asset objects reloaded before import = 0
Number of asset objects unloaded after import = 3
========================================================================
Received Import Request.
  Time since last request: 0.003987 seconds.
  path: Assets/crosshair/PNG/Black/crosshair105.png
  artifactKey: Guid(8deb55a21406a2a49b85324159c1589d) Importer(815301076,1909f56bfc062723c751e8b465ee728b)
Start importing Assets/crosshair/PNG/Black/crosshair105.png using Guid(8deb55a21406a2a49b85324159c1589d) Importer(815301076,1909f56bfc062723c751e8b465ee728b)  -> (artifact id: '55c1e84c1de45555ec6119f06195a527') in 0.017640 seconds
Number of updated asset objects reloaded before import = 0
Number of asset objects unloaded after import = 3
========================================================================
Received Import Request.
  Time since last request: 0.032920 seconds.
  path: Assets/crosshair/PNG/Black Retina/crosshair115.png
  artifactKey: Guid(6343c4d4169bfc54ea0d30d1d5b6f004) Importer(815301076,1909f56bfc062723c751e8b465ee728b)
Start importing Assets/crosshair/PNG/Black Retina/crosshair115.png using Guid(6343c4d4169bfc54ea0d30d1d5b6f004) Importer(815301076,1909f56bfc062723c751e8b465ee728b)  -> (artifact id: '025b9481f55c4467041ae3c14fff427f') in 0.029471 seconds
Number of updated asset objects reloaded before import = 0
Number of asset objects unloaded after import = 10
========================================================================
Received Import Request.
  Time since last request: 0.026737 seconds.
  path: Assets/crosshair/PNG/Outline Retina/crosshair120.png
  artifactKey: Guid(d7a252f4ae04cef4f82a61735fbaa2c4) Importer(815301076,1909f56bfc062723c751e8b465ee728b)
Start importing Assets/crosshair/PNG/Outline Retina/crosshair120.png using Guid(d7a252f4ae04cef4f82a61735fbaa2c4) Importer(815301076,1909f56bfc062723c751e8b465ee728b)  -> (artifact id: '0e80aa1908dab3540a6fa8532cac911c') in 0.039551 seconds
Number of updated asset objects reloaded before import = 0
Number of asset objects unloaded after import = 10
========================================================================
Received Import Request.
  Time since last request: 0.088853 seconds.
  path: Assets/crosshair/PNG/Black/crosshair122.png
  artifactKey: Guid(933b5b0e809ed5a4c8f5e059533a59d8) Importer(815301076,1909f56bfc062723c751e8b465ee728b)
Start importing Assets/crosshair/PNG/Black/crosshair122.png using Guid(933b5b0e809ed5a4c8f5e059533a59d8) Importer(815301076,1909f56bfc062723c751e8b465ee728b)  -> (artifact id: '71d958993f0c8e0841c679152a52ec19') in 0.023445 seconds
Number of updated asset objects reloaded before import = 0
Number of asset objects unloaded after import = 6
========================================================================
Received Import Request.
  Time since last request: 0.028448 seconds.
  path: Assets/crosshair/PNG/Outline Retina/crosshair124.png
  artifactKey: Guid(e976c8d7103c4fe419262582428c6c6b) Importer(815301076,1909f56bfc062723c751e8b465ee728b)
Start importing Assets/crosshair/PNG/Outline Retina/crosshair124.png using Guid(e976c8d7103c4fe419262582428c6c6b) Importer(815301076,1909f56bfc062723c751e8b465ee728b)  -> (artifact id: '4c479a109d0280bf413d9924a6a01ff3') in 0.030404 seconds
Number of updated asset objects reloaded before import = 0
Number of asset objects unloaded after import = 7
========================================================================
Received Import Request.
  Time since last request: 0.564377 seconds.
  path: Assets/crosshair/PNG/Black Retina/crosshair125.png
  artifactKey: Guid(bbd1390d44c3ddb479bbbc60c22a1e19) Importer(815301076,1909f56bfc062723c751e8b465ee728b)
Start importing Assets/crosshair/PNG/Black Retina/crosshair125.png using Guid(bbd1390d44c3ddb479bbbc60c22a1e19) Importer(815301076,1909f56bfc062723c751e8b465ee728b)  -> (artifact id: 'cf7779d98cedb63cb194d6419e8fabfa') in 0.024122 seconds
Number of updated asset objects reloaded before import = 0
Number of asset objects unloaded after import = 6
========================================================================
Received Import Request.
  Time since last request: 0.037471 seconds.
  path: Assets/crosshair/PNG/White/crosshair139.png
  artifactKey: Guid(de5696415ad94094ca55fc3456992b41) Importer(815301076,1909f56bfc062723c751e8b465ee728b)
Start importing Assets/crosshair/PNG/White/crosshair139.png using Guid(de5696415ad94094ca55fc3456992b41) Importer(815301076,1909f56bfc062723c751e8b465ee728b)  -> (artifact id: '3e613596bd8d288fda2f223043150a4b') in 0.032834 seconds
Number of updated asset objects reloaded before import = 0
Number of asset objects unloaded after import = 10
========================================================================
Received Import Request.
  Time since last request: 0.101320 seconds.
  path: Assets/crosshair/PNG/Black Retina/crosshair142.png
  artifactKey: Guid(1664abcf282070141af02b056224c954) Importer(815301076,1909f56bfc062723c751e8b465ee728b)
Start importing Assets/crosshair/PNG/Black Retina/crosshair142.png using Guid(1664abcf282070141af02b056224c954) Importer(815301076,1909f56bfc062723c751e8b465ee728b)  -> (artifact id: 'f36d47daef059756cbd0b97841f6ab85') in 0.019813 seconds
Number of updated asset objects reloaded before import = 0
Number of asset objects unloaded after import = 3
========================================================================
Received Import Request.
  Time since last request: 0.008464 seconds.
  path: Assets/crosshair/PNG/Outline/crosshair143.png
  artifactKey: Guid(b4a94e218cf485e4c9f8b1befeef00d6) Importer(815301076,1909f56bfc062723c751e8b465ee728b)
Start importing Assets/crosshair/PNG/Outline/crosshair143.png using Guid(b4a94e218cf485e4c9f8b1befeef00d6) Importer(815301076,1909f56bfc062723c751e8b465ee728b)  -> (artifact id: '7f96f1c2dacb1b7abf5589e03a2b3832') in 0.017719 seconds
Number of updated asset objects reloaded before import = 0
Number of asset objects unloaded after import = 3
========================================================================
Received Import Request.
  Time since last request: 0.024434 seconds.
  path: Assets/crosshair/PNG/Outline/crosshair147.png
  artifactKey: Guid(46c7d99e867978a4d803a98bc4eecb00) Importer(815301076,1909f56bfc062723c751e8b465ee728b)
Start importing Assets/crosshair/PNG/Outline/crosshair147.png using Guid(46c7d99e867978a4d803a98bc4eecb00) Importer(815301076,1909f56bfc062723c751e8b465ee728b)  -> (artifact id: '78fbf05c69c9a15483b290b5d3065ac9') in 0.022924 seconds
Number of updated asset objects reloaded before import = 0
Number of asset objects unloaded after import = 6
========================================================================
Received Import Request.
  Time since last request: 0.000019 seconds.
  path: Assets/crosshair/PNG/Outline Retina/crosshair147.png
  artifactKey: Guid(f613daff40b228f47a5118355591bc3f) Importer(815301076,1909f56bfc062723c751e8b465ee728b)
Start importing Assets/crosshair/PNG/Outline Retina/crosshair147.png using Guid(f613daff40b228f47a5118355591bc3f) Importer(815301076,1909f56bfc062723c751e8b465ee728b)  -> (artifact id: 'ac2d4e6ccbe49a7a1acf54b793c4abcb') in 0.026316 seconds
Number of updated asset objects reloaded before import = 0
Number of asset objects unloaded after import = 6
========================================================================
Received Import Request.
  Time since last request: 0.022332 seconds.
  path: Assets/crosshair/PNG/White/crosshair151.png
  artifactKey: Guid(c7b4b75d282b8ca41aef97a83fffaf92) Importer(815301076,1909f56bfc062723c751e8b465ee728b)
Start importing Assets/crosshair/PNG/White/crosshair151.png using Guid(c7b4b75d282b8ca41aef97a83fffaf92) Importer(815301076,1909f56bfc062723c751e8b465ee728b)  -> (artifact id: '12c351bece29bd87fe3291591a9f0b82') in 0.024233 seconds
Number of updated asset objects reloaded before import = 0
Number of asset objects unloaded after import = 5
========================================================================
Received Import Request.
  Time since last request: 0.142028 seconds.
  path: Assets/crosshair/PNG/Black Retina/crosshair152.png
  artifactKey: Guid(1c98cd6cacc555f44880ce115e26cca6) Importer(815301076,1909f56bfc062723c751e8b465ee728b)
Start importing Assets/crosshair/PNG/Black Retina/crosshair152.png using Guid(1c98cd6cacc555f44880ce115e26cca6) Importer(815301076,1909f56bfc062723c751e8b465ee728b)  -> (artifact id: '9d5f85a8464d51baa2ac1a37cb1a796a') in 0.034191 seconds
Number of updated asset objects reloaded before import = 0
Number of asset objects unloaded after import = 6
========================================================================
Received Import Request.
  Time since last request: 0.000025 seconds.
  path: Assets/crosshair/PNG/Outline/crosshair153.png
  artifactKey: Guid(c9ff4b43a3b10374da545a99416f73e9) Importer(815301076,1909f56bfc062723c751e8b465ee728b)
Start importing Assets/crosshair/PNG/Outline/crosshair153.png using Guid(c9ff4b43a3b10374da545a99416f73e9) Importer(815301076,1909f56bfc062723c751e8b465ee728b)  -> (artifact id: '576cf7f11ab265a425a245f1d2e90e1e') in 0.028333 seconds
Number of updated asset objects reloaded before import = 0
Number of asset objects unloaded after import = 5
========================================================================
Received Import Request.
  Time since last request: 0.020477 seconds.
  path: Assets/crosshair/PNG/Outline Retina/crosshair158.png
  artifactKey: Guid(0109c1cf4bf181b44b194737bd19b91b) Importer(815301076,1909f56bfc062723c751e8b465ee728b)
Start importing Assets/crosshair/PNG/Outline Retina/crosshair158.png using Guid(0109c1cf4bf181b44b194737bd19b91b) Importer(815301076,1909f56bfc062723c751e8b465ee728b)  -> (artifact id: 'ddb64b2942a6fa4443bc78f2cc07a378') in 0.031337 seconds
Number of updated asset objects reloaded before import = 0
Number of asset objects unloaded after import = 5
========================================================================
Received Import Request.
  Time since last request: 0.118212 seconds.
  path: Assets/crosshair/PNG/Black/crosshair161.png
  artifactKey: Guid(ab170b0ce847b394c84d8b03eef508b1) Importer(815301076,1909f56bfc062723c751e8b465ee728b)
Start importing Assets/crosshair/PNG/Black/crosshair161.png using Guid(ab170b0ce847b394c84d8b03eef508b1) Importer(815301076,1909f56bfc062723c751e8b465ee728b)  -> (artifact id: 'b05108026a6f220f96896ffecb5c20e4') in 0.028642 seconds
Number of updated asset objects reloaded before import = 0
Number of asset objects unloaded after import = 7
========================================================================
Received Import Request.
  Time since last request: 0.020806 seconds.
  path: Assets/crosshair/PNG/White/crosshair162.png
  artifactKey: Guid(6140d30f87c209c418b0f8210a925a27) Importer(815301076,1909f56bfc062723c751e8b465ee728b)
Start importing Assets/crosshair/PNG/White/crosshair162.png using Guid(6140d30f87c209c418b0f8210a925a27) Importer(815301076,1909f56bfc062723c751e8b465ee728b)  -> (artifact id: '2fab893265cbb4a7d931cfe537013e91') in 0.044912 seconds
Number of updated asset objects reloaded before import = 0
Number of asset objects unloaded after import = 15
========================================================================
Received Import Request.
  Time since last request: 0.343054 seconds.
  path: Assets/crosshair/PNG/Outline Retina/crosshair165.png
  artifactKey: Guid(990969e79c193044b889c0d3fab82712) Importer(815301076,1909f56bfc062723c751e8b465ee728b)
Start importing Assets/crosshair/PNG/Outline Retina/crosshair165.png using Guid(990969e79c193044b889c0d3fab82712) Importer(815301076,1909f56bfc062723c751e8b465ee728b)  -> (artifact id: '01c8c9d4c94ff72d3e1e943bdeb8b853') in 0.036322 seconds
Number of updated asset objects reloaded before import = 0
Number of asset objects unloaded after import = 7
========================================================================
Received Import Request.
  Time since last request: 0.000032 seconds.
  path: Assets/crosshair/PNG/Black Retina/crosshair165.png
  artifactKey: Guid(93aaaa8e26f549f4db6eb6dac886ef9a) Importer(815301076,1909f56bfc062723c751e8b465ee728b)
Start importing Assets/crosshair/PNG/Black Retina/crosshair165.png using Guid(93aaaa8e26f549f4db6eb6dac886ef9a) Importer(815301076,1909f56bfc062723c751e8b465ee728b)  -> (artifact id: '2554980a773ee0ebcc38cea88d350d8b') in 0.032740 seconds
Number of updated asset objects reloaded before import = 0
Number of asset objects unloaded after import = 7
========================================================================
Received Import Request.
  Time since last request: 0.009996 seconds.
  path: Assets/crosshair/PNG/Black/crosshair167.png
  artifactKey: Guid(61e0e3aa821a084448dabea5db1f97c5) Importer(815301076,1909f56bfc062723c751e8b465ee728b)
Start importing Assets/crosshair/PNG/Black/crosshair167.png using Guid(61e0e3aa821a084448dabea5db1f97c5) Importer(815301076,1909f56bfc062723c751e8b465ee728b)  -> (artifact id: 'dd5c19cc5dfd67de2140453cd3250490') in 0.024194 seconds
Number of updated asset objects reloaded before import = 0
Number of asset objects unloaded after import = 4
========================================================================
Received Import Request.
  Time since last request: 0.105886 seconds.
  path: Assets/crosshair/PNG/Black/crosshair170.png
  artifactKey: Guid(be3626af5b479284581f2d48778791c7) Importer(815301076,1909f56bfc062723c751e8b465ee728b)
Start importing Assets/crosshair/PNG/Black/crosshair170.png using Guid(be3626af5b479284581f2d48778791c7) Importer(815301076,1909f56bfc062723c751e8b465ee728b)  -> (artifact id: '5095ad9b95ed158c1e3009ce5e03fe30') in 0.021515 seconds
Number of updated asset objects reloaded before import = 0
Number of asset objects unloaded after import = 5
========================================================================
Received Import Request.
  Time since last request: 0.016627 seconds.
  path: Assets/crosshair/PNG/Black Retina/crosshair174.png
  artifactKey: Guid(a9de23ed18a1dbe43b44ef1f7b979caa) Importer(815301076,1909f56bfc062723c751e8b465ee728b)
Start importing Assets/crosshair/PNG/Black Retina/crosshair174.png using Guid(a9de23ed18a1dbe43b44ef1f7b979caa) Importer(815301076,1909f56bfc062723c751e8b465ee728b)  -> (artifact id: 'a34f416d3fa4afe33dfb88f2bafab898') in 0.041086 seconds
Number of updated asset objects reloaded before import = 0
Number of asset objects unloaded after import = 10
========================================================================
Received Import Request.
  Time since last request: 0.029364 seconds.
  path: Assets/crosshair/PNG/White Retina/crosshair175.png
  artifactKey: Guid(87bdfa7511fce424bb3f4408b1f570ac) Importer(815301076,1909f56bfc062723c751e8b465ee728b)
Start importing Assets/crosshair/PNG/White Retina/crosshair175.png using Guid(87bdfa7511fce424bb3f4408b1f570ac) Importer(815301076,1909f56bfc062723c751e8b465ee728b)  -> (artifact id: '8f9b6135b20370c51bbfcf1054d150b1') in 0.027224 seconds
Number of updated asset objects reloaded before import = 0
Number of asset objects unloaded after import = 8
========================================================================
Received Import Request.
  Time since last request: 0.000020 seconds.
  path: Assets/crosshair/PNG/Outline Retina/crosshair176.png
  artifactKey: Guid(42ef345cee7703c4eaa32f643761fa51) Importer(815301076,1909f56bfc062723c751e8b465ee728b)
Start importing Assets/crosshair/PNG/Outline Retina/crosshair176.png using Guid(42ef345cee7703c4eaa32f643761fa51) Importer(815301076,1909f56bfc062723c751e8b465ee728b)  -> (artifact id: 'd9251065e29947df6a7f73b7c24c4c43') in 0.019527 seconds
Number of updated asset objects reloaded before import = 0
Number of asset objects unloaded after import = 3
========================================================================
Received Import Request.
  Time since last request: 0.124160 seconds.
  path: Assets/crosshair/PNG/Outline/crosshair178.png
  artifactKey: Guid(cb3f591ceb6e39d46986de9e64d9fd94) Importer(815301076,1909f56bfc062723c751e8b465ee728b)
Start importing Assets/crosshair/PNG/Outline/crosshair178.png using Guid(cb3f591ceb6e39d46986de9e64d9fd94) Importer(815301076,1909f56bfc062723c751e8b465ee728b)  -> (artifact id: '518a54034551e2588b31e0f278fda7f3') in 0.019542 seconds
Number of updated asset objects reloaded before import = 0
Number of asset objects unloaded after import = 3
========================================================================
Received Import Request.
  Time since last request: 0.001516 seconds.
  path: Assets/crosshair/PNG/Black/crosshair179.png
  artifactKey: Guid(21f1873caaf1ece429eadc61d50f2724) Importer(815301076,1909f56bfc062723c751e8b465ee728b)
Start importing Assets/crosshair/PNG/Black/crosshair179.png using Guid(21f1873caaf1ece429eadc61d50f2724) Importer(815301076,1909f56bfc062723c751e8b465ee728b)  -> (artifact id: '290b99333dd66354ae2c37a49f57aef2') in 0.019395 seconds
Number of updated asset objects reloaded before import = 0
Number of asset objects unloaded after import = 3
========================================================================
Received Import Request.
  Time since last request: 0.030286 seconds.
  path: Assets/crosshair/PNG/Black/crosshair184.png
  artifactKey: Guid(917f5965f865153439f884527b5249ad) Importer(815301076,1909f56bfc062723c751e8b465ee728b)
Start importing Assets/crosshair/PNG/Black/crosshair184.png using Guid(917f5965f865153439f884527b5249ad) Importer(815301076,1909f56bfc062723c751e8b465ee728b)  -> (artifact id: '42ced7be492ff6748662d5fff9c5cb7e') in 0.037350 seconds
Number of updated asset objects reloaded before import = 0
Number of asset objects unloaded after import = 11
========================================================================
Received Import Request.
  Time since last request: 0.000025 seconds.
  path: Assets/crosshair/PNG/White Retina/crosshair185.png
  artifactKey: Guid(ce9f58e366695584f91882dc2a780be0) Importer(815301076,1909f56bfc062723c751e8b465ee728b)
Start importing Assets/crosshair/PNG/White Retina/crosshair185.png using Guid(ce9f58e366695584f91882dc2a780be0) Importer(815301076,1909f56bfc062723c751e8b465ee728b)  -> (artifact id: '1f7fe42717406dfec140fa36fc96b2c7') in 0.030398 seconds
Number of updated asset objects reloaded before import = 0
Number of asset objects unloaded after import = 7
========================================================================
Received Import Request.
  Time since last request: 0.052297 seconds.
  path: Assets/crosshair/PNG/Black Retina/crosshair188.png
  artifactKey: Guid(9828b999938a6ce4d991b1366f67f34b) Importer(815301076,1909f56bfc062723c751e8b465ee728b)
Start importing Assets/crosshair/PNG/Black Retina/crosshair188.png using Guid(9828b999938a6ce4d991b1366f67f34b) Importer(815301076,1909f56bfc062723c751e8b465ee728b)  -> (artifact id: '080a7eaf38882637498afb69b2fc964d') in 0.024963 seconds
Number of updated asset objects reloaded before import = 0
Number of asset objects unloaded after import = 5
========================================================================
Received Import Request.
  Time since last request: 0.000029 seconds.
  path: Assets/crosshair/PNG/Black/crosshair188.png
  artifactKey: Guid(2ff117bcc0b57fd4fb5ee582fcc3ca43) Importer(815301076,1909f56bfc062723c751e8b465ee728b)
Start importing Assets/crosshair/PNG/Black/crosshair188.png using Guid(2ff117bcc0b57fd4fb5ee582fcc3ca43) Importer(815301076,1909f56bfc062723c751e8b465ee728b)  -> (artifact id: '522f1fb79a9e4e184aafda4766b0cf32') in 0.023559 seconds
Number of updated asset objects reloaded before import = 0
Number of asset objects unloaded after import = 5
========================================================================
Received Import Request.
  Time since last request: 0.016590 seconds.
  path: Assets/crosshair/PNG/Outline Retina/crosshair191.png
  artifactKey: Guid(ebae47327a2bfa742b8cf6a9cd64961a) Importer(815301076,1909f56bfc062723c751e8b465ee728b)
Start importing Assets/crosshair/PNG/Outline Retina/crosshair191.png using Guid(ebae47327a2bfa742b8cf6a9cd64961a) Importer(815301076,1909f56bfc062723c751e8b465ee728b)  -> (artifact id: '7ca003e3b2f1be50a4370b7bd8db523b') in 0.026209 seconds
Number of updated asset objects reloaded before import = 0
Number of asset objects unloaded after import = 5
========================================================================
Received Import Request.
  Time since last request: 0.071426 seconds.
  path: Assets/crosshair/PNG/Outline Retina/crosshair197.png
  artifactKey: Guid(3e325ac7a91c60549aceb3011c7fd59a) Importer(815301076,1909f56bfc062723c751e8b465ee728b)
Start importing Assets/crosshair/PNG/Outline Retina/crosshair197.png using Guid(3e325ac7a91c60549aceb3011c7fd59a) Importer(815301076,1909f56bfc062723c751e8b465ee728b)  -> (artifact id: 'be84e5f756c72d01c8424da967b73064') in 0.023245 seconds
Number of updated asset objects reloaded before import = 0
Number of asset objects unloaded after import = 5
========================================================================
Received Import Request.
  Time since last request: 0.038019 seconds.
  path: Assets/crosshair/PNG/Black Retina/crosshair199.png
  artifactKey: Guid(71dfdd01430d1f9439e94dbf614b337b) Importer(815301076,1909f56bfc062723c751e8b465ee728b)
Start importing Assets/crosshair/PNG/Black Retina/crosshair199.png using Guid(71dfdd01430d1f9439e94dbf614b337b) Importer(815301076,1909f56bfc062723c751e8b465ee728b)  -> (artifact id: 'cf83fa3d420e52ed240343ef4377c6fe') in 0.021900 seconds
Number of updated asset objects reloaded before import = 0
Number of asset objects unloaded after import = 5
========================================================================
Received Import Request.
  Time since last request: 0.004933 seconds.
  path: Assets/crosshair/PNG/White Retina/crosshair199.png
  artifactKey: Guid(9423349adc263c84aba4cae9c5920f4b) Importer(815301076,1909f56bfc062723c751e8b465ee728b)
Start importing Assets/crosshair/PNG/White Retina/crosshair199.png using Guid(9423349adc263c84aba4cae9c5920f4b) Importer(815301076,1909f56bfc062723c751e8b465ee728b)  -> (artifact id: '8f1f7aee6757b3a290e186c14e89c1cd') in 0.024287 seconds
Number of updated asset objects reloaded before import = 0
Number of asset objects unloaded after import = 5
========================================================================
Received Import Request.
  Time since last request: 1.166246 seconds.
  path: Assets/crosshair/Tilesheet/crosshairs_tilesheet_white.png
  artifactKey: Guid(8327fbd7e40faa24dbc79a8d29c1e233) Importer(815301076,1909f56bfc062723c751e8b465ee728b)
Start importing Assets/crosshair/Tilesheet/crosshairs_tilesheet_white.png using Guid(8327fbd7e40faa24dbc79a8d29c1e233) Importer(815301076,1909f56bfc062723c751e8b465ee728b)  -> (artifact id: '8fc63ba04c29b82c884ceec7f057cfe2') in 1.117555 seconds
Number of updated asset objects reloaded before import = 0
Number of asset objects unloaded after import = 609
Editor requested this worker to shutdown with reason: Scaling down because of idle timeout
AssetImportWorker is now disconnected from the server
Process exiting
Exiting without the bug reporter. Application will terminate with return code 0