Using pre-set license
Built from '2023.1/staging' branch; Version is '2023.1.5f1 (9dce81d9e7e0) revision 10342017'; Using compiler version '192829333'; Build Type 'Release'
OS: 'Windows 11  (10.0.22621) 64bit Core' Language: 'ru' Physical Memory: 16236 MB
BatchMode: 1, IsHumanControllingUs: 0, StartBugReporterOnCrash: 0, Is64bit: 1, IsPro: 1

COMMAND LINE ARGUMENTS:
C:\Program Files\Unity 2023.1.5f1\Editor\Unity.exe
-adb2
-batchMode
-noUpm
-name
AssetImportWorker5
-projectPath
C:/Users/user/Desktop/P1/test_unity/2d
-logFile
Logs/AssetImportWorker5.log
-srvPort
56521
Successfully changed project path to: C:/Users/user/Desktop/P1/test_unity/2d
C:/Users/user/Desktop/P1/test_unity/2d
[UnityMemory] Configuration Parameters - Can be set up in boot.config
    "memorysetup-bucket-allocator-granularity=16"
    "memorysetup-bucket-allocator-bucket-count=8"
    "memorysetup-bucket-allocator-block-size=33554432"
    "memorysetup-bucket-allocator-block-count=8"
    "memorysetup-main-allocator-block-size=16777216"
    "memorysetup-thread-allocator-block-size=16777216"
    "memorysetup-gfx-main-allocator-block-size=16777216"
    "memorysetup-gfx-thread-allocator-block-size=16777216"
    "memorysetup-cache-allocator-block-size=4194304"
    "memorysetup-typetree-allocator-block-size=2097152"
    "memorysetup-profiler-bucket-allocator-granularity=16"
    "memorysetup-profiler-bucket-allocator-bucket-count=8"
    "memorysetup-profiler-bucket-allocator-block-size=33554432"
    "memorysetup-profiler-bucket-allocator-block-count=8"
    "memorysetup-profiler-allocator-block-size=16777216"
    "memorysetup-profiler-editor-allocator-block-size=1048576"
    "memorysetup-temp-allocator-size-main=16777216"
    "memorysetup-job-temp-allocator-block-size=2097152"
    "memorysetup-job-temp-allocator-block-size-background=1048576"
    "memorysetup-job-temp-allocator-reduction-small-platforms=262144"
    "memorysetup-allocator-temp-initial-block-size-main=262144"
    "memorysetup-allocator-temp-initial-block-size-worker=262144"
    "memorysetup-temp-allocator-size-background-worker=32768"
    "memorysetup-temp-allocator-size-job-worker=262144"
    "memorysetup-temp-allocator-size-preload-manager=33554432"
    "memorysetup-temp-allocator-size-nav-mesh-worker=65536"
    "memorysetup-temp-allocator-size-audio-worker=65536"
    "memorysetup-temp-allocator-size-cloud-worker=32768"
    "memorysetup-temp-allocator-size-gi-baking-worker=262144"
    "memorysetup-temp-allocator-size-gfx=262144"
Player connection [42480] Host "[IP] 192.168.100.4 [Port] 0 [Flags] 2 [Guid] 2587337902 [EditorId] 2587337902 [Version] 1048832 [Id] WindowsEditor(7,Lenowo) [Debug] 1 [PackageName] WindowsEditor [ProjectName] Editor" joined multi-casting on [225.0.0.222:54997]...

Player connection [42480] Host "[IP] 192.168.100.4 [Port] 0 [Flags] 2 [Guid] 2587337902 [EditorId] 2587337902 [Version] 1048832 [Id] WindowsEditor(7,Lenowo) [Debug] 1 [PackageName] WindowsEditor [ProjectName] Editor" joined alternative multi-casting on [225.0.0.222:34997]...

Library Redirect Path: Library/Refreshing native plugins compatible for Editor in 10.26 ms, found 4 plugins.
Preloading 0 native plugins for Editor in 0.00 ms.
Initialize engine version: 2023.1.5f1 (9dce81d9e7e0)
[Subsystems] Discovering subsystems at path C:/Program Files/Unity 2023.1.5f1/Editor/Data/Resources/UnitySubsystems
[Subsystems] Discovering subsystems at path C:/Users/user/Desktop/P1/test_unity/2d/Assets
GfxDevice: creating device client; threaded=0; jobified=0
Direct3D:
    Version:  Direct3D 11.0 [level 11.1]
    Renderer: NVIDIA GeForce RTX 3050 Ti Laptop GPU (ID=0x25e0)
    Vendor:   NVIDIA
    VRAM:     3976 MB
    Driver:   31.0.15.3623
Initialize mono
Mono path[0] = 'C:/Program Files/Unity 2023.1.5f1/Editor/Data/Managed'
Mono path[1] = 'C:/Program Files/Unity 2023.1.5f1/Editor/Data/MonoBleedingEdge/lib/mono/unityjit-win32'
Mono config path = 'C:/Program Files/Unity 2023.1.5f1/Editor/Data/MonoBleedingEdge/etc'
Using monoOptions --debugger-agent=transport=dt_socket,embedding=1,server=y,suspend=n,address=127.0.0.1:56356
Begin MonoManager ReloadAssembly
C:\build\output\Unity-Technologies\mono\mono\metadata\icall.c:1842:
C:\build\output\Unity-Technologies\mono\mono\metadata\icall.c:1842:
C:\build\output\Unity-Technologies\mono\mono\metadata\icall.c:1842:
C:\build\output\Unity-Technologies\mono\mono\metadata\icall.c:1842:
C:\build\output\Unity-Technologies\mono\mono\metadata\icall.c:1842:
C:\build\output\Unity-Technologies\mono\mono\metadata\icall.c:1842:
C:\build\output\Unity-Technologies\mono\mono\metadata\icall.c:1842:
C:\build\output\Unity-Technologies\mono\mono\metadata\icall.c:1842:
C:\build\output\Unity-Technologies\mono\mono\metadata\icall.c:1842:
C:\build\output\Unity-Technologies\mono\mono\metadata\icall.c:1842:
Registering precompiled unity dll's ...
Register platform support module: C:/Program Files/Unity 2023.1.5f1/Editor/Data/PlaybackEngines/WindowsStandaloneSupport/UnityEditor.WindowsStandalone.Extensions.dll
Registered in 0.003157 seconds.
- Loaded All Assemblies, in  0.464 seconds
Native extension for WindowsStandalone target not found
Mono: successfully reloaded assembly
C:\build\output\Unity-Technologies\mono\mono\metadata\icall.c:1842:
C:\build\output\Unity-Technologies\mono\mono\metadata\icall.c:1842:
- Finished resetting the current domain, in  0.328 seconds
Domain Reload Profiling: 791ms
	BeginReloadAssembly (142ms)
		ExecutionOrderSort (0ms)
		DisableScriptedObjects (0ms)
		BackupInstance (0ms)
		ReleaseScriptingObjects (0ms)
		CreateAndSetChildDomain (1ms)
	RebuildCommonClasses (45ms)
	RebuildNativeTypeToScriptingClass (17ms)
	initialDomainReloadingComplete (64ms)
	LoadAllAssembliesAndSetupDomain (194ms)
		LoadAssemblies (140ms)
		RebuildTransferFunctionScriptingTraits (0ms)
		AnalyzeDomain (189ms)
			TypeCache.Refresh (188ms)
				TypeCache.ScanAssembly (174ms)
			ScanForSourceGeneratedMonoScriptInfo (1ms)
			ResolveRequiredComponents (0ms)
	FinalizeReload (328ms)
		ReleaseScriptCaches (0ms)
		RebuildScriptCaches (0ms)
		SetupLoadedEditorAssemblies (269ms)
			LogAssemblyErrors (0ms)
			InitializePlatformSupportModulesInManaged (9ms)
			SetLoadedEditorAssemblies (5ms)
			BeforeProcessingInitializeOnLoad (8ms)
			ProcessInitializeOnLoadAttributes (186ms)
			ProcessInitializeOnLoadMethodAttributes (60ms)
			AfterProcessingInitializeOnLoad (0ms)
			EditorAssembliesLoaded (0ms)
		ExecutionOrderSort2 (0ms)
		AwakeInstancesAfterBackupRestoration (0ms)
========================================================================
Worker process is ready to serve import requests
Import Worker Mode flag is 0x00
Begin MonoManager ReloadAssembly
C:\build\output\Unity-Technologies\mono\mono\metadata\icall.c:1842:
C:\build\output\Unity-Technologies\mono\mono\metadata\icall.c:1842:
C:\build\output\Unity-Technologies\mono\mono\metadata\icall.c:1842:
C:\build\output\Unity-Technologies\mono\mono\metadata\icall.c:1842:
C:\build\output\Unity-Technologies\mono\mono\metadata\icall.c:1842:
C:\build\output\Unity-Technologies\mono\mono\metadata\icall.c:1842:
C:\build\output\Unity-Technologies\mono\mono\metadata\icall.c:1842:
C:\build\output\Unity-Technologies\mono\mono\metadata\icall.c:1842:
C:\build\output\Unity-Technologies\mono\mono\metadata\icall.c:1842:
C:\build\output\Unity-Technologies\mono\mono\metadata\icall.c:1842:
C:\build\output\Unity-Technologies\mono\mono\metadata\icall.c:1842:
C:\build\output\Unity-Technologies\mono\mono\metadata\icall.c:1842:
Symbol file LoadedFromMemory doesn't match image C:\Users\user\Desktop\P1\test_unity\2d\Library\PackageCache\com.unity.visualscripting@1.8.0\Editor\VisualScripting.Core\Dependencies\YamlDotNet\Unity.VisualScripting.YamlDotNet.dll
Symbol file LoadedFromMemory doesn't match image C:\Users\user\Desktop\P1\test_unity\2d\Library\PackageCache\com.unity.visualscripting@1.8.0\Editor\VisualScripting.Core\Dependencies\DotNetZip\Unity.VisualScripting.IonicZip.dll
- Loaded All Assemblies, in  1.092 seconds
Refreshing native plugins compatible for Editor in 3.81 ms, found 4 plugins.
Native extension for WindowsStandalone target not found
Mono: successfully reloaded assembly
- Finished resetting the current domain, in  0.765 seconds
Domain Reload Profiling: 1855ms
	BeginReloadAssembly (358ms)
		ExecutionOrderSort (0ms)
		DisableScriptedObjects (8ms)
		BackupInstance (0ms)
		ReleaseScriptingObjects (0ms)
		CreateAndSetChildDomain (47ms)
	RebuildCommonClasses (40ms)
	RebuildNativeTypeToScriptingClass (12ms)
	initialDomainReloadingComplete (51ms)
	LoadAllAssembliesAndSetupDomain (629ms)
		LoadAssemblies (344ms)
		RebuildTransferFunctionScriptingTraits (0ms)
		AnalyzeDomain (387ms)
			TypeCache.Refresh (353ms)
				TypeCache.ScanAssembly (334ms)
			ScanForSourceGeneratedMonoScriptInfo (27ms)
			ResolveRequiredComponents (6ms)
	FinalizeReload (765ms)
		ReleaseScriptCaches (0ms)
		RebuildScriptCaches (0ms)
		SetupLoadedEditorAssemblies (498ms)
			LogAssemblyErrors (0ms)
			InitializePlatformSupportModulesInManaged (6ms)
			SetLoadedEditorAssemblies (3ms)
			BeforeProcessingInitializeOnLoad (107ms)
			ProcessInitializeOnLoadAttributes (330ms)
			ProcessInitializeOnLoadMethodAttributes (47ms)
			AfterProcessingInitializeOnLoad (4ms)
			EditorAssembliesLoaded (0ms)
		ExecutionOrderSort2 (0ms)
		AwakeInstancesAfterBackupRestoration (9ms)
Launched and connected shader compiler UnityShaderCompiler.exe after 0.02 seconds
Refreshing native plugins compatible for Editor in 2.77 ms, found 4 plugins.
Preloading 0 native plugins for Editor in 0.00 ms.
Unloading 4082 Unused Serialized files (Serialized files now loaded: 0)
Unloading 63 unused Assets / (56.6 KB). Loaded Objects now: 4623.
Memory consumption went from 146.7 MB to 146.6 MB.
Total: 5.205300 ms (FindLiveObjects: 0.372600 ms CreateObjectMapping: 0.255000 ms MarkObjects: 4.445300 ms  DeleteObjects: 0.130800 ms)

AssetImportParameters requested are different than current active one (requested -> active):
  custom:video-decoder-webm-vp8: 9c59270c3fd7afecdb556c50c9e8de78 -> 
  custom:audio-encoder-webm-vorbis: bf7c407c2cedff20999df2af8eb42d56 -> 
  custom:AudioImporter_EditorPlatform: d09bf68614088b80899f8185d706f6e7 -> 
  custom:audio-decoder-ogg-vorbis: bf7c407c2cedff20999df2af8eb42d56 -> 
  custom:video-encoder-webm-vp8: eb34c28f22e8b96e1ab97ce403110664 -> 
  custom:container-demuxer-ogg: 62fdf1f143b41e24485cea50d1cbac27 -> 
  custom:framework-win-MediaFoundation: 216162199b28c13a410421893ffa2e32 -> 
  custom:video-decoder-ogg-theora: a1e56fd34408186e4bbccfd4996cb3dc -> 
  custom:container-muxer-webm: aa71ff27fc2769a1b78a27578f13a17b -> 
  custom:video-codec-MediaFoundation-h265: 746d11721c4dcdbdad8f713fa42b33f4 -> 
  custom:CustomObjectIndexerAttribute: 756ad292c208cfabdd7b50bc23989ffe -> 
  custom:container-demuxer-webm: 4f35f7cbe854078d1ac9338744f61a02 -> 
========================================================================
Received Import Request.
  Time since last request: 1208092.189728 seconds.
  path: Assets/crosshair/PNG/Black Retina/crosshair195.png
  artifactKey: Guid(8be22a6a6b5267c4c8423f082940dc6f) Importer(815301076,1909f56bfc062723c751e8b465ee728b)
Start importing Assets/crosshair/PNG/Black Retina/crosshair195.png using Guid(8be22a6a6b5267c4c8423f082940dc6f) Importer(815301076,1909f56bfc062723c751e8b465ee728b)  -> (artifact id: 'ec03af850662381b815fe3a77d29caa2') in 0.095357 seconds
Number of updated asset objects reloaded before import = 0
Number of asset objects unloaded after import = 5
========================================================================
Received Import Request.
  Time since last request: 0.000023 seconds.
  path: Assets/crosshair/PNG/White/crosshair198.png
  artifactKey: Guid(f7a3e5d2ee8573549843c757c6aad2f0) Importer(815301076,1909f56bfc062723c751e8b465ee728b)
Start importing Assets/crosshair/PNG/White/crosshair198.png using Guid(f7a3e5d2ee8573549843c757c6aad2f0) Importer(815301076,1909f56bfc062723c751e8b465ee728b)  -> (artifact id: 'b416cdb0e9446b7466a408a376b68384') in 0.024566 seconds
Number of updated asset objects reloaded before import = 0
Number of asset objects unloaded after import = 5
========================================================================
Received Import Request.
  Time since last request: 0.018312 seconds.
  path: Assets/crosshair/PNG/White Retina/crosshair173.png
  artifactKey: Guid(667aecad1b2acac4ba08f9205eb59f13) Importer(815301076,1909f56bfc062723c751e8b465ee728b)
Start importing Assets/crosshair/PNG/White Retina/crosshair173.png using Guid(667aecad1b2acac4ba08f9205eb59f13) Importer(815301076,1909f56bfc062723c751e8b465ee728b)  -> (artifact id: '9e63dae341aa68cc0ee26a77531f9b8f') in 0.022060 seconds
Number of updated asset objects reloaded before import = 0
Number of asset objects unloaded after import = 3
========================================================================
Received Import Request.
  Time since last request: 0.101284 seconds.
  path: Assets/crosshair/PNG/Outline Retina/crosshair171.png
  artifactKey: Guid(266353c1b0771ad44896263b13e452d4) Importer(815301076,1909f56bfc062723c751e8b465ee728b)
Start importing Assets/crosshair/PNG/Outline Retina/crosshair171.png using Guid(266353c1b0771ad44896263b13e452d4) Importer(815301076,1909f56bfc062723c751e8b465ee728b)  -> (artifact id: '24d7b6e08cf9a9aef1e02be08cdddd9e') in 0.019774 seconds
Number of updated asset objects reloaded before import = 0
Number of asset objects unloaded after import = 3
========================================================================
Received Import Request.
  Time since last request: 0.000020 seconds.
  path: Assets/crosshair/PNG/White Retina/crosshair172.png
  artifactKey: Guid(81f08f289c20d0741b12fe303cc959f1) Importer(815301076,1909f56bfc062723c751e8b465ee728b)
Start importing Assets/crosshair/PNG/White Retina/crosshair172.png using Guid(81f08f289c20d0741b12fe303cc959f1) Importer(815301076,1909f56bfc062723c751e8b465ee728b)  -> (artifact id: '474bd9efb4a6ba50364b029239670394') in 0.057219 seconds
Number of updated asset objects reloaded before import = 0
Number of asset objects unloaded after import = 14
========================================================================
Received Import Request.
  Time since last request: 0.018945 seconds.
  path: Assets/crosshair/PNG/Outline Retina/crosshair126.png
  artifactKey: Guid(fce06406292a3034bab46c46ca8d1485) Importer(815301076,1909f56bfc062723c751e8b465ee728b)
Start importing Assets/crosshair/PNG/Outline Retina/crosshair126.png using Guid(fce06406292a3034bab46c46ca8d1485) Importer(815301076,1909f56bfc062723c751e8b465ee728b)  -> (artifact id: '3a4a56c5d0f9ff94b2b41a07867f8ee1') in 0.017141 seconds
Number of updated asset objects reloaded before import = 0
Number of asset objects unloaded after import = 3
========================================================================
Received Import Request.
  Time since last request: 0.005293 seconds.
  path: Assets/crosshair/PNG/Black/crosshair127.png
  artifactKey: Guid(4c40680be6721314b92e4249c0fb0138) Importer(815301076,1909f56bfc062723c751e8b465ee728b)
Start importing Assets/crosshair/PNG/Black/crosshair127.png using Guid(4c40680be6721314b92e4249c0fb0138) Importer(815301076,1909f56bfc062723c751e8b465ee728b)  -> (artifact id: 'c58acc532ea555245e20d791b72a62ef') in 0.019157 seconds
Number of updated asset objects reloaded before import = 0
Number of asset objects unloaded after import = 3
========================================================================
Received Import Request.
  Time since last request: 0.003862 seconds.
  path: Assets/crosshair/PNG/Black Retina/crosshair128.png
  artifactKey: Guid(1c69e95756293ad43945a4acdf103f08) Importer(815301076,1909f56bfc062723c751e8b465ee728b)
Start importing Assets/crosshair/PNG/Black Retina/crosshair128.png using Guid(1c69e95756293ad43945a4acdf103f08) Importer(815301076,1909f56bfc062723c751e8b465ee728b)  -> (artifact id: '3f3805b62a2292adc3f718110db7b693') in 0.022153 seconds
Number of updated asset objects reloaded before import = 0
Number of asset objects unloaded after import = 3
========================================================================
Received Import Request.
  Time since last request: 0.000925 seconds.
  path: Assets/crosshair/PNG/Outline/crosshair128.png
  artifactKey: Guid(f40368710574a9d4ba2db77f06525894) Importer(815301076,1909f56bfc062723c751e8b465ee728b)
Start importing Assets/crosshair/PNG/Outline/crosshair128.png using Guid(f40368710574a9d4ba2db77f06525894) Importer(815301076,1909f56bfc062723c751e8b465ee728b)  -> (artifact id: '61d3cff59a6159f584a7ea7e993b4515') in 0.018327 seconds
Number of updated asset objects reloaded before import = 0
Number of asset objects unloaded after import = 3
========================================================================
Received Import Request.
  Time since last request: 0.003630 seconds.
  path: Assets/crosshair/PNG/White Retina/crosshair129.png
  artifactKey: Guid(8b06df4cd13e2ac40a5a0e4b8c73a790) Importer(815301076,1909f56bfc062723c751e8b465ee728b)
Start importing Assets/crosshair/PNG/White Retina/crosshair129.png using Guid(8b06df4cd13e2ac40a5a0e4b8c73a790) Importer(815301076,1909f56bfc062723c751e8b465ee728b)  -> (artifact id: 'd4b60e833e2a3c25d76215502edbb9c1') in 0.018578 seconds
Number of updated asset objects reloaded before import = 0
Number of asset objects unloaded after import = 3
========================================================================
Received Import Request.
  Time since last request: 0.002488 seconds.
  path: Assets/crosshair/PNG/Outline Retina/crosshair130.png
  artifactKey: Guid(0ea611c35c6abb548be9cff5a9d18b21) Importer(815301076,1909f56bfc062723c751e8b465ee728b)
Start importing Assets/crosshair/PNG/Outline Retina/crosshair130.png using Guid(0ea611c35c6abb548be9cff5a9d18b21) Importer(815301076,1909f56bfc062723c751e8b465ee728b)  -> (artifact id: '6eed14d09cd84d83d0d305aa4b42e723') in 0.021269 seconds
Number of updated asset objects reloaded before import = 0
Number of asset objects unloaded after import = 3
========================================================================
Received Import Request.
  Time since last request: 0.004087 seconds.
  path: Assets/crosshair/PNG/Outline/crosshair130.png
  artifactKey: Guid(dba0beb61f0074a45aa77c16db516894) Importer(815301076,1909f56bfc062723c751e8b465ee728b)
Start importing Assets/crosshair/PNG/Outline/crosshair130.png using Guid(dba0beb61f0074a45aa77c16db516894) Importer(815301076,1909f56bfc062723c751e8b465ee728b)  -> (artifact id: '46df6b629d68ba720940fe05ae0a8113') in 0.017075 seconds
Number of updated asset objects reloaded before import = 0
Number of asset objects unloaded after import = 3
========================================================================
Received Import Request.
  Time since last request: 0.004352 seconds.
  path: Assets/crosshair/PNG/Outline/crosshair131.png
  artifactKey: Guid(5a72ae7174347d04fbaa142949166ef9) Importer(815301076,1909f56bfc062723c751e8b465ee728b)
Start importing Assets/crosshair/PNG/Outline/crosshair131.png using Guid(5a72ae7174347d04fbaa142949166ef9) Importer(815301076,1909f56bfc062723c751e8b465ee728b)  -> (artifact id: '0d41c89cfa8ab6ad3ba9af9cf125ce8a') in 0.016800 seconds
Number of updated asset objects reloaded before import = 0
Number of asset objects unloaded after import = 3
========================================================================
Received Import Request.
  Time since last request: 0.005453 seconds.
  path: Assets/crosshair/PNG/White Retina/crosshair132.png
  artifactKey: Guid(51232b335b2f251488666d66226fafff) Importer(815301076,1909f56bfc062723c751e8b465ee728b)
Start importing Assets/crosshair/PNG/White Retina/crosshair132.png using Guid(51232b335b2f251488666d66226fafff) Importer(815301076,1909f56bfc062723c751e8b465ee728b)  -> (artifact id: '3e6adcab1a2ce2e41a03f7965ebe5925') in 0.017608 seconds
Number of updated asset objects reloaded before import = 0
Number of asset objects unloaded after import = 3
========================================================================
Received Import Request.
  Time since last request: 0.005602 seconds.
  path: Assets/crosshair/PNG/White/crosshair132.png
  artifactKey: Guid(203986b1c80bd4c48916ea8a82005efa) Importer(815301076,1909f56bfc062723c751e8b465ee728b)
Start importing Assets/crosshair/PNG/White/crosshair132.png using Guid(203986b1c80bd4c48916ea8a82005efa) Importer(815301076,1909f56bfc062723c751e8b465ee728b)  -> (artifact id: '6f2d281cf66a975986cd7635c45c5b4f') in 0.015174 seconds
Number of updated asset objects reloaded before import = 0
Number of asset objects unloaded after import = 3
========================================================================
Received Import Request.
  Time since last request: 0.004944 seconds.
  path: Assets/crosshair/PNG/Black/crosshair133.png
  artifactKey: Guid(029b17413dbe53d479976c3576c2f2ed) Importer(815301076,1909f56bfc062723c751e8b465ee728b)
Start importing Assets/crosshair/PNG/Black/crosshair133.png using Guid(029b17413dbe53d479976c3576c2f2ed) Importer(815301076,1909f56bfc062723c751e8b465ee728b)  -> (artifact id: '5e3dc5014da458b8b0c65eaeb6512b2b') in 0.017984 seconds
Number of updated asset objects reloaded before import = 0
Number of asset objects unloaded after import = 3
========================================================================
Received Import Request.
  Time since last request: 0.005391 seconds.
  path: Assets/crosshair/PNG/Black/crosshair134.png
  artifactKey: Guid(5f5a0f194a79e0340aebb8e835ca6bec) Importer(815301076,1909f56bfc062723c751e8b465ee728b)
Start importing Assets/crosshair/PNG/Black/crosshair134.png using Guid(5f5a0f194a79e0340aebb8e835ca6bec) Importer(815301076,1909f56bfc062723c751e8b465ee728b)  -> (artifact id: '42ed4f8539b463dedf1172b2897c4dea') in 0.016598 seconds
Number of updated asset objects reloaded before import = 0
Number of asset objects unloaded after import = 3
========================================================================
Received Import Request.
  Time since last request: 0.003397 seconds.
  path: Assets/crosshair/PNG/White Retina/crosshair134.png
  artifactKey: Guid(3ad2f38a50ce68041925f2aeb441ed8c) Importer(815301076,1909f56bfc062723c751e8b465ee728b)
Start importing Assets/crosshair/PNG/White Retina/crosshair134.png using Guid(3ad2f38a50ce68041925f2aeb441ed8c) Importer(815301076,1909f56bfc062723c751e8b465ee728b)  -> (artifact id: 'e218cec4a3e12ee04fb1f3f9d578a527') in 0.019077 seconds
Number of updated asset objects reloaded before import = 0
Number of asset objects unloaded after import = 3
========================================================================
Received Import Request.
  Time since last request: 0.031003 seconds.
  path: Assets/crosshair/PNG/Outline/crosshair111.png
  artifactKey: Guid(fa5bb0a514f4ff04f9901df60ba18049) Importer(815301076,1909f56bfc062723c751e8b465ee728b)
Start importing Assets/crosshair/PNG/Outline/crosshair111.png using Guid(fa5bb0a514f4ff04f9901df60ba18049) Importer(815301076,1909f56bfc062723c751e8b465ee728b)  -> (artifact id: 'ace3073a2f9d40c5d7f41fd1d59ef2f4') in 0.034186 seconds
Number of updated asset objects reloaded before import = 0
Number of asset objects unloaded after import = 6
========================================================================
Received Import Request.
  Time since last request: 0.006954 seconds.
  path: Assets/crosshair/PNG/Black Retina/crosshair112.png
  artifactKey: Guid(fa1fe1c668f338342aaef3f34f70a68f) Importer(815301076,1909f56bfc062723c751e8b465ee728b)
Start importing Assets/crosshair/PNG/Black Retina/crosshair112.png using Guid(fa1fe1c668f338342aaef3f34f70a68f) Importer(815301076,1909f56bfc062723c751e8b465ee728b)  -> (artifact id: '56523e75cdca4568b6f13012313a580f') in 0.017835 seconds
Number of updated asset objects reloaded before import = 0
Number of asset objects unloaded after import = 3
========================================================================
Received Import Request.
  Time since last request: 0.004289 seconds.
  path: Assets/crosshair/PNG/Outline Retina/crosshair113.png
  artifactKey: Guid(0b6b8a96f227f614da629f4c7c5d2aa5) Importer(815301076,1909f56bfc062723c751e8b465ee728b)
Start importing Assets/crosshair/PNG/Outline Retina/crosshair113.png using Guid(0b6b8a96f227f614da629f4c7c5d2aa5) Importer(815301076,1909f56bfc062723c751e8b465ee728b)  -> (artifact id: '8baca7c62dcce3330e8ddda2d735ebcf') in 0.021116 seconds
Number of updated asset objects reloaded before import = 0
Number of asset objects unloaded after import = 3
========================================================================
Received Import Request.
  Time since last request: 0.006223 seconds.
  path: Assets/crosshair/PNG/Outline Retina/crosshair114.png
  artifactKey: Guid(023ecd3ab7ae6c84794414f5fce675df) Importer(815301076,1909f56bfc062723c751e8b465ee728b)
Start importing Assets/crosshair/PNG/Outline Retina/crosshair114.png using Guid(023ecd3ab7ae6c84794414f5fce675df) Importer(815301076,1909f56bfc062723c751e8b465ee728b)  -> (artifact id: '3653d6a9470a62ad1acd8be7d1cef958') in 0.020802 seconds
Number of updated asset objects reloaded before import = 0
Number of asset objects unloaded after import = 3
========================================================================
Received Import Request.
  Time since last request: 0.000938 seconds.
  path: Assets/crosshair/PNG/White/crosshair114.png
  artifactKey: Guid(5fd97744fc3a4b14686219b3a8eab2d9) Importer(815301076,1909f56bfc062723c751e8b465ee728b)
Start importing Assets/crosshair/PNG/White/crosshair114.png using Guid(5fd97744fc3a4b14686219b3a8eab2d9) Importer(815301076,1909f56bfc062723c751e8b465ee728b)  -> (artifact id: 'e637c19e6b83377f76e7f6e654a5542a') in 0.017975 seconds
Number of updated asset objects reloaded before import = 0
Number of asset objects unloaded after import = 3
========================================================================
Received Import Request.
  Time since last request: 0.113245 seconds.
  path: Assets/crosshair/PNG/Outline/crosshair106.png
  artifactKey: Guid(ea7a12af483d5b446a4cec7d212f90ae) Importer(815301076,1909f56bfc062723c751e8b465ee728b)
Start importing Assets/crosshair/PNG/Outline/crosshair106.png using Guid(ea7a12af483d5b446a4cec7d212f90ae) Importer(815301076,1909f56bfc062723c751e8b465ee728b)  -> (artifact id: '223ba1c5bda4af6ea5dafbaec0bd10bc') in 0.016824 seconds
Number of updated asset objects reloaded before import = 0
Number of asset objects unloaded after import = 3
========================================================================
Received Import Request.
  Time since last request: 0.003741 seconds.
  path: Assets/crosshair/PNG/White/crosshair107.png
  artifactKey: Guid(7094530555e521d4eb6786d6c50464d3) Importer(815301076,1909f56bfc062723c751e8b465ee728b)
Start importing Assets/crosshair/PNG/White/crosshair107.png using Guid(7094530555e521d4eb6786d6c50464d3) Importer(815301076,1909f56bfc062723c751e8b465ee728b)  -> (artifact id: 'c5185640c32b7572041fee302ddd3410') in 0.017299 seconds
Number of updated asset objects reloaded before import = 0
Number of asset objects unloaded after import = 3
========================================================================
Received Import Request.
  Time since last request: 0.003907 seconds.
  path: Assets/crosshair/PNG/Outline Retina/crosshair107.png
  artifactKey: Guid(6c72c29836981ed49bb3ea372dee24d1) Importer(815301076,1909f56bfc062723c751e8b465ee728b)
Start importing Assets/crosshair/PNG/Outline Retina/crosshair107.png using Guid(6c72c29836981ed49bb3ea372dee24d1) Importer(815301076,1909f56bfc062723c751e8b465ee728b)  -> (artifact id: '49a04aa2e27a394f8cea7cb855f44c4a') in 0.017544 seconds
Number of updated asset objects reloaded before import = 0
Number of asset objects unloaded after import = 3
========================================================================
Received Import Request.
  Time since last request: 0.005420 seconds.
  path: Assets/crosshair/PNG/Black Retina/crosshair108.png
  artifactKey: Guid(8820e06883a0a2f469a7d4c77aafe2f0) Importer(815301076,1909f56bfc062723c751e8b465ee728b)
Start importing Assets/crosshair/PNG/Black Retina/crosshair108.png using Guid(8820e06883a0a2f469a7d4c77aafe2f0) Importer(815301076,1909f56bfc062723c751e8b465ee728b)  -> (artifact id: '3f65cfb9c16a8a06658e5f28614aba21') in 0.018498 seconds
Number of updated asset objects reloaded before import = 0
Number of asset objects unloaded after import = 3
========================================================================
Received Import Request.
  Time since last request: 0.002773 seconds.
  path: Assets/crosshair/PNG/White Retina/crosshair109.png
  artifactKey: Guid(31290d4328179b54c98c53a5fea29e21) Importer(815301076,1909f56bfc062723c751e8b465ee728b)
Start importing Assets/crosshair/PNG/White Retina/crosshair109.png using Guid(31290d4328179b54c98c53a5fea29e21) Importer(815301076,1909f56bfc062723c751e8b465ee728b)  -> (artifact id: 'ead864b4110d8e2d21a205153e6559fc') in 0.026827 seconds
Number of updated asset objects reloaded before import = 0
Number of asset objects unloaded after import = 7
========================================================================
Received Import Request.
  Time since last request: 0.000023 seconds.
  path: Assets/crosshair/PNG/Outline/crosshair109.png
  artifactKey: Guid(28bce4587f8e39d4398b8dc5704e1254) Importer(815301076,1909f56bfc062723c751e8b465ee728b)
Start importing Assets/crosshair/PNG/Outline/crosshair109.png using Guid(28bce4587f8e39d4398b8dc5704e1254) Importer(815301076,1909f56bfc062723c751e8b465ee728b)  -> (artifact id: '1ffd4247454e8c856fbe9dbffb38b082') in 0.033420 seconds
Number of updated asset objects reloaded before import = 0
Number of asset objects unloaded after import = 7
========================================================================
Received Import Request.
  Time since last request: 0.019989 seconds.
  path: Assets/crosshair/PNG/White Retina/crosshair056.png
  artifactKey: Guid(8a082a5bc740a5b4e8f19846694563d1) Importer(815301076,1909f56bfc062723c751e8b465ee728b)
Start importing Assets/crosshair/PNG/White Retina/crosshair056.png using Guid(8a082a5bc740a5b4e8f19846694563d1) Importer(815301076,1909f56bfc062723c751e8b465ee728b)  -> (artifact id: '8c8faea6942bd2870674cdc9e9b22c66') in 0.023823 seconds
Number of updated asset objects reloaded before import = 0
Number of asset objects unloaded after import = 5
========================================================================
Received Import Request.
  Time since last request: 0.405835 seconds.
  path: Assets/crosshair/PNG/Outline/crosshair054.png
  artifactKey: Guid(3d96aea55ac0b944994e3b5c20ca3f1f) Importer(815301076,1909f56bfc062723c751e8b465ee728b)
Start importing Assets/crosshair/PNG/Outline/crosshair054.png using Guid(3d96aea55ac0b944994e3b5c20ca3f1f) Importer(815301076,1909f56bfc062723c751e8b465ee728b)  -> (artifact id: '8f0c4378de5b8554c332726ffabe40ee') in 0.023582 seconds
Number of updated asset objects reloaded before import = 0
Number of asset objects unloaded after import = 5
========================================================================
Received Import Request.
  Time since last request: 0.040916 seconds.
  path: Assets/crosshair/PNG/Outline Retina/crosshair049.png
  artifactKey: Guid(138e6d838880c094f8856082e2a89d1a) Importer(815301076,1909f56bfc062723c751e8b465ee728b)
Start importing Assets/crosshair/PNG/Outline Retina/crosshair049.png using Guid(138e6d838880c094f8856082e2a89d1a) Importer(815301076,1909f56bfc062723c751e8b465ee728b)  -> (artifact id: '6bfb17ed64532c5d8b0852bdf8383075') in 0.023033 seconds
Number of updated asset objects reloaded before import = 0
Number of asset objects unloaded after import = 5
========================================================================
Received Import Request.
  Time since last request: 0.000022 seconds.
  path: Assets/crosshair/PNG/White/crosshair050.png
  artifactKey: Guid(a85dc0c2ea983b142864819dc4a814b2) Importer(815301076,1909f56bfc062723c751e8b465ee728b)
Start importing Assets/crosshair/PNG/White/crosshair050.png using Guid(a85dc0c2ea983b142864819dc4a814b2) Importer(815301076,1909f56bfc062723c751e8b465ee728b)  -> (artifact id: 'edc23aa5cce1f3c5e60c6508cfc15c2d') in 0.034652 seconds
Number of updated asset objects reloaded before import = 0
Number of asset objects unloaded after import = 7
========================================================================
Received Import Request.
  Time since last request: 1.586985 seconds.
  path: Assets/crosshair/PNG/Black Retina/crosshair046.png
  artifactKey: Guid(e66e276e607cbf949aea3cf47cdb7b81) Importer(815301076,1909f56bfc062723c751e8b465ee728b)
Start importing Assets/crosshair/PNG/Black Retina/crosshair046.png using Guid(e66e276e607cbf949aea3cf47cdb7b81) Importer(815301076,1909f56bfc062723c751e8b465ee728b)  -> (artifact id: '5ae32270d573903532e0d9698babbbf0') in 0.027511 seconds
Number of updated asset objects reloaded before import = 0
Number of asset objects unloaded after import = 6
========================================================================
Received Import Request.
  Time since last request: 1.487711 seconds.
  path: Assets/crosshair/PNG/Outline/crosshair043.png
  artifactKey: Guid(95c8b8212913f9340bdea507408ab10f) Importer(815301076,1909f56bfc062723c751e8b465ee728b)
Start importing Assets/crosshair/PNG/Outline/crosshair043.png using Guid(95c8b8212913f9340bdea507408ab10f) Importer(815301076,1909f56bfc062723c751e8b465ee728b)  -> (artifact id: 'e81dca485e8f77f6a4c5e2cc2473db86') in 0.019256 seconds
Number of updated asset objects reloaded before import = 0
Number of asset objects unloaded after import = 3
========================================================================
Received Import Request.
  Time since last request: 3.529943 seconds.
  path: Assets/crosshair/PNG/White Retina/crosshair050.png
  artifactKey: Guid(a9b4455cd162cb248892480ce5ec4e02) Importer(815301076,1909f56bfc062723c751e8b465ee728b)
Start importing Assets/crosshair/PNG/White Retina/crosshair050.png using Guid(a9b4455cd162cb248892480ce5ec4e02) Importer(815301076,1909f56bfc062723c751e8b465ee728b)  -> (artifact id: '27cfb5aba82111e967b2acd7ace0e6ef') in 0.034947 seconds
Number of updated asset objects reloaded before import = 0
Number of asset objects unloaded after import = 7
========================================================================
Received Import Request.
  Time since last request: 0.049314 seconds.
  path: Assets/crosshair/PNG/White/crosshair059.png
  artifactKey: Guid(154777add283c774cb1c42c17204a367) Importer(815301076,1909f56bfc062723c751e8b465ee728b)
Start importing Assets/crosshair/PNG/White/crosshair059.png using Guid(154777add283c774cb1c42c17204a367) Importer(815301076,1909f56bfc062723c751e8b465ee728b)  -> (artifact id: 'ced62d24c6d5efbc1594ad1946f0fde6') in 0.032079 seconds
Number of updated asset objects reloaded before import = 0
Number of asset objects unloaded after import = 6
========================================================================
Received Import Request.
  Time since last request: 0.000036 seconds.
  path: Assets/crosshair/PNG/Outline/crosshair060.png
  artifactKey: Guid(a0ca750e1f2757e4299eceb9f833ee07) Importer(815301076,1909f56bfc062723c751e8b465ee728b)
Start importing Assets/crosshair/PNG/Outline/crosshair060.png using Guid(a0ca750e1f2757e4299eceb9f833ee07) Importer(815301076,1909f56bfc062723c751e8b465ee728b)  -> (artifact id: '1740dd5c58459e4b70ea06a3bbd67f12') in 0.020022 seconds
Number of updated asset objects reloaded before import = 0
Number of asset objects unloaded after import = 5
========================================================================
Received Import Request.
  Time since last request: 0.000124 seconds.
  path: Assets/crosshair/PNG/White Retina/crosshair061.png
  artifactKey: Guid(b7fa3b5d852cbba459871ac75ef90459) Importer(815301076,1909f56bfc062723c751e8b465ee728b)
Start importing Assets/crosshair/PNG/White Retina/crosshair061.png using Guid(b7fa3b5d852cbba459871ac75ef90459) Importer(815301076,1909f56bfc062723c751e8b465ee728b)  -> (artifact id: '7b7e0dd01fdaaae581eecd28329b6a43') in 0.019118 seconds
Number of updated asset objects reloaded before import = 0
Number of asset objects unloaded after import = 3
========================================================================
Received Import Request.
  Time since last request: 0.022213 seconds.
  path: Assets/crosshair/PNG/Black Retina/crosshair079.png
  artifactKey: Guid(7333f8e31f9517a4cb42b04038dccb2f) Importer(815301076,1909f56bfc062723c751e8b465ee728b)
Start importing Assets/crosshair/PNG/Black Retina/crosshair079.png using Guid(7333f8e31f9517a4cb42b04038dccb2f) Importer(815301076,1909f56bfc062723c751e8b465ee728b)  -> (artifact id: '7eaf4fe6981feeb10f4bc5ec2698e97c') in 0.035625 seconds
Number of updated asset objects reloaded before import = 0
Number of asset objects unloaded after import = 7
========================================================================
Received Import Request.
  Time since last request: 0.022095 seconds.
  path: Assets/crosshair/PNG/White Retina/crosshair082.png
  artifactKey: Guid(1bb11df723aef9f4d89876e8b7721960) Importer(815301076,1909f56bfc062723c751e8b465ee728b)
Start importing Assets/crosshair/PNG/White Retina/crosshair082.png using Guid(1bb11df723aef9f4d89876e8b7721960) Importer(815301076,1909f56bfc062723c751e8b465ee728b)  -> (artifact id: '869d115a705b47de2af792a637462b40') in 0.025677 seconds
Number of updated asset objects reloaded before import = 0
Number of asset objects unloaded after import = 5
========================================================================
Received Import Request.
  Time since last request: 0.000026 seconds.
  path: Assets/crosshair/PNG/Outline/crosshair083.png
  artifactKey: Guid(a655e791aef804241a5ee9cb42e6d6f3) Importer(815301076,1909f56bfc062723c751e8b465ee728b)
Start importing Assets/crosshair/PNG/Outline/crosshair083.png using Guid(a655e791aef804241a5ee9cb42e6d6f3) Importer(815301076,1909f56bfc062723c751e8b465ee728b)  -> (artifact id: 'fb301328418bf464818aef2273fb6aee') in 0.018381 seconds
Number of updated asset objects reloaded before import = 0
Number of asset objects unloaded after import = 3
========================================================================
Received Import Request.
  Time since last request: 0.006693 seconds.
  path: Assets/crosshair/PNG/Black/crosshair084.png
  artifactKey: Guid(980d5cdbdb973aa4c94ea06c68325398) Importer(815301076,1909f56bfc062723c751e8b465ee728b)
Start importing Assets/crosshair/PNG/Black/crosshair084.png using Guid(980d5cdbdb973aa4c94ea06c68325398) Importer(815301076,1909f56bfc062723c751e8b465ee728b)  -> (artifact id: '17e320ccb2b320974d60c58d2147cfed') in 0.023497 seconds
Number of updated asset objects reloaded before import = 0
Number of asset objects unloaded after import = 6
========================================================================
Received Import Request.
  Time since last request: 0.000038 seconds.
  path: Assets/crosshair/PNG/Outline/crosshair084.png
  artifactKey: Guid(614d5f0933c0446468189b5bb5aeda2f) Importer(815301076,1909f56bfc062723c751e8b465ee728b)
Start importing Assets/crosshair/PNG/Outline/crosshair084.png using Guid(614d5f0933c0446468189b5bb5aeda2f) Importer(815301076,1909f56bfc062723c751e8b465ee728b)  -> (artifact id: 'ff424050f3af34dabf569dc2318a0a57') in 0.024869 seconds
Number of updated asset objects reloaded before import = 0
Number of asset objects unloaded after import = 6
========================================================================
Received Import Request.
  Time since last request: 0.022743 seconds.
  path: Assets/crosshair/PNG/Black/crosshair089.png
  artifactKey: Guid(4a2c660f669c12846906f097c2979091) Importer(815301076,1909f56bfc062723c751e8b465ee728b)
Start importing Assets/crosshair/PNG/Black/crosshair089.png using Guid(4a2c660f669c12846906f097c2979091) Importer(815301076,1909f56bfc062723c751e8b465ee728b)  -> (artifact id: 'cf28d0ac36e3aca3074ce5d8d823859d') in 0.014952 seconds
Number of updated asset objects reloaded before import = 0
Number of asset objects unloaded after import = 3
========================================================================
Received Import Request.
  Time since last request: 0.007762 seconds.
  path: Assets/crosshair/PNG/Outline Retina/crosshair089.png
  artifactKey: Guid(2bf78bb96c097b54295bcf48b0b73ea4) Importer(815301076,1909f56bfc062723c751e8b465ee728b)
Start importing Assets/crosshair/PNG/Outline Retina/crosshair089.png using Guid(2bf78bb96c097b54295bcf48b0b73ea4) Importer(815301076,1909f56bfc062723c751e8b465ee728b)  -> (artifact id: '9c9e46d288ceba33d0b6ea884276c033') in 0.018112 seconds
Number of updated asset objects reloaded before import = 0
Number of asset objects unloaded after import = 3
========================================================================
Received Import Request.
  Time since last request: 0.009323 seconds.
  path: Assets/crosshair/PNG/White/crosshair090.png
  artifactKey: Guid(87220b9383fab7a42a86530075904ea6) Importer(815301076,1909f56bfc062723c751e8b465ee728b)
Start importing Assets/crosshair/PNG/White/crosshair090.png using Guid(87220b9383fab7a42a86530075904ea6) Importer(815301076,1909f56bfc062723c751e8b465ee728b)  -> (artifact id: '5f4b8466c945e96a84efa711016f472d') in 0.015899 seconds
Number of updated asset objects reloaded before import = 0
Number of asset objects unloaded after import = 3
========================================================================
Received Import Request.
  Time since last request: 0.005329 seconds.
  path: Assets/crosshair/PNG/Outline Retina/crosshair091.png
  artifactKey: Guid(40fe33519a717ab459a3cfbcc9f52adc) Importer(815301076,1909f56bfc062723c751e8b465ee728b)
Start importing Assets/crosshair/PNG/Outline Retina/crosshair091.png using Guid(40fe33519a717ab459a3cfbcc9f52adc) Importer(815301076,1909f56bfc062723c751e8b465ee728b)  -> (artifact id: '1e69d7a37ccae4e7ef11a837419440a5') in 0.017433 seconds
Number of updated asset objects reloaded before import = 0
Number of asset objects unloaded after import = 3
========================================================================
Received Import Request.
  Time since last request: 0.010183 seconds.
  path: Assets/crosshair/PNG/Outline Retina/crosshair092.png
  artifactKey: Guid(0abbc6daaa8242a49b1061b75997ae6e) Importer(815301076,1909f56bfc062723c751e8b465ee728b)
Start importing Assets/crosshair/PNG/Outline Retina/crosshair092.png using Guid(0abbc6daaa8242a49b1061b75997ae6e) Importer(815301076,1909f56bfc062723c751e8b465ee728b)  -> (artifact id: '4953851d4bf42fa3e07039c7ac384e9c') in 0.020252 seconds
Number of updated asset objects reloaded before import = 0
Number of asset objects unloaded after import = 3
========================================================================
Received Import Request.
  Time since last request: 0.008786 seconds.
  path: Assets/crosshair/PNG/Black Retina/crosshair092.png
  artifactKey: Guid(5a75dff73ee7dec41bad28a24386d66c) Importer(815301076,1909f56bfc062723c751e8b465ee728b)
Start importing Assets/crosshair/PNG/Black Retina/crosshair092.png using Guid(5a75dff73ee7dec41bad28a24386d66c) Importer(815301076,1909f56bfc062723c751e8b465ee728b)  -> (artifact id: '4449c3cbb7a1111a9b968fefb4ac22a0') in 0.019811 seconds
Number of updated asset objects reloaded before import = 0
Number of asset objects unloaded after import = 3
========================================================================
Received Import Request.
  Time since last request: 0.007544 seconds.
  path: Assets/crosshair/PNG/Outline Retina/crosshair093.png
  artifactKey: Guid(650955c3b6e8d0141880fad1bb3ad6db) Importer(815301076,1909f56bfc062723c751e8b465ee728b)
Start importing Assets/crosshair/PNG/Outline Retina/crosshair093.png using Guid(650955c3b6e8d0141880fad1bb3ad6db) Importer(815301076,1909f56bfc062723c751e8b465ee728b)  -> (artifact id: '8812ba134425f4d2d72e308240918f09') in 0.026050 seconds
Number of updated asset objects reloaded before import = 0
Number of asset objects unloaded after import = 3
========================================================================
Received Import Request.
  Time since last request: 0.031604 seconds.
  path: Assets/crosshair/PNG/Black Retina/crosshair101.png
  artifactKey: Guid(dca92f46e7063c645a6bf302c28946d0) Importer(815301076,1909f56bfc062723c751e8b465ee728b)
Start importing Assets/crosshair/PNG/Black Retina/crosshair101.png using Guid(dca92f46e7063c645a6bf302c28946d0) Importer(815301076,1909f56bfc062723c751e8b465ee728b)  -> (artifact id: 'dc40185c4237c438fa1534f062c7c756') in 0.018568 seconds
Number of updated asset objects reloaded before import = 0
Number of asset objects unloaded after import = 3
========================================================================
Received Import Request.
  Time since last request: 0.005561 seconds.
  path: Assets/crosshair/PNG/Outline/crosshair102.png
  artifactKey: Guid(1852a19e20c8c854fa62f4889c745da2) Importer(815301076,1909f56bfc062723c751e8b465ee728b)
Start importing Assets/crosshair/PNG/Outline/crosshair102.png using Guid(1852a19e20c8c854fa62f4889c745da2) Importer(815301076,1909f56bfc062723c751e8b465ee728b)  -> (artifact id: '93efe912b83acbab0a34d6e59b406b8b') in 0.041107 seconds
Number of updated asset objects reloaded before import = 0
Number of asset objects unloaded after import = 6
========================================================================
Received Import Request.
  Time since last request: 0.000022 seconds.
  path: Assets/crosshair/PNG/Black Retina/crosshair103.png
  artifactKey: Guid(712f1ece558b83144adb2bce9fde4380) Importer(815301076,1909f56bfc062723c751e8b465ee728b)
Start importing Assets/crosshair/PNG/Black Retina/crosshair103.png using Guid(712f1ece558b83144adb2bce9fde4380) Importer(815301076,1909f56bfc062723c751e8b465ee728b)  -> (artifact id: 'b154eaa0db33ce6bd970ee60d1493311') in 0.022086 seconds
Number of updated asset objects reloaded before import = 0
Number of asset objects unloaded after import = 3
========================================================================
Received Import Request.
  Time since last request: 0.009530 seconds.
  path: Assets/crosshair/PNG/White Retina/crosshair104.png
  artifactKey: Guid(3f8adaa9bacc2f24b955ee75c8995bb9) Importer(815301076,1909f56bfc062723c751e8b465ee728b)
Start importing Assets/crosshair/PNG/White Retina/crosshair104.png using Guid(3f8adaa9bacc2f24b955ee75c8995bb9) Importer(815301076,1909f56bfc062723c751e8b465ee728b)  -> (artifact id: 'a84cc3cca0c6cf8625ec8cb7d214b19f') in 0.021741 seconds
Number of updated asset objects reloaded before import = 0
Number of asset objects unloaded after import = 3
========================================================================
Received Import Request.
  Time since last request: 0.033374 seconds.
  path: Assets/crosshair/PNG/Black Retina/crosshair121.png
  artifactKey: Guid(ed51520c10e46e14dbfdbd3466bbccd3) Importer(815301076,1909f56bfc062723c751e8b465ee728b)
Start importing Assets/crosshair/PNG/Black Retina/crosshair121.png using Guid(ed51520c10e46e14dbfdbd3466bbccd3) Importer(815301076,1909f56bfc062723c751e8b465ee728b)  -> (artifact id: '2409ee1e6763678961a48b4abc79e6b3') in 0.033783 seconds
Number of updated asset objects reloaded before import = 0
Number of asset objects unloaded after import = 6
========================================================================
Received Import Request.
  Time since last request: 0.700076 seconds.
  path: Assets/crosshair/PNG/Outline Retina/crosshair123.png
  artifactKey: Guid(adf9679555b21bf4e94dcf0cf5ae8f2e) Importer(815301076,1909f56bfc062723c751e8b465ee728b)
Start importing Assets/crosshair/PNG/Outline Retina/crosshair123.png using Guid(adf9679555b21bf4e94dcf0cf5ae8f2e) Importer(815301076,1909f56bfc062723c751e8b465ee728b)  -> (artifact id: '7f397aeb54f0fbbdd40dda203f6242be') in 0.023785 seconds
Number of updated asset objects reloaded before import = 0
Number of asset objects unloaded after import = 3
========================================================================
Received Import Request.
  Time since last request: 0.118988 seconds.
  path: Assets/crosshair/PNG/Black Retina/crosshair135.png
  artifactKey: Guid(3959af01ebea08547a6ff8f6eb5abcf2) Importer(815301076,1909f56bfc062723c751e8b465ee728b)
Start importing Assets/crosshair/PNG/Black Retina/crosshair135.png using Guid(3959af01ebea08547a6ff8f6eb5abcf2) Importer(815301076,1909f56bfc062723c751e8b465ee728b)  -> (artifact id: '014329075cebc23609be3f2298780b72') in 0.017776 seconds
Number of updated asset objects reloaded before import = 0
Number of asset objects unloaded after import = 3
========================================================================
Received Import Request.
  Time since last request: 0.004445 seconds.
  path: Assets/crosshair/PNG/Black/crosshair136.png
  artifactKey: Guid(0ddd73788ff314a499eadf1716d2895e) Importer(815301076,1909f56bfc062723c751e8b465ee728b)
Start importing Assets/crosshair/PNG/Black/crosshair136.png using Guid(0ddd73788ff314a499eadf1716d2895e) Importer(815301076,1909f56bfc062723c751e8b465ee728b)  -> (artifact id: 'fbe44d240137a2a4b76837de13b162ec') in 0.017034 seconds
Number of updated asset objects reloaded before import = 0
Number of asset objects unloaded after import = 3
========================================================================
Received Import Request.
  Time since last request: 0.003822 seconds.
  path: Assets/crosshair/PNG/Black Retina/crosshair136.png
  artifactKey: Guid(7843c3752ec4faf469acac31ac47869c) Importer(815301076,1909f56bfc062723c751e8b465ee728b)
Start importing Assets/crosshair/PNG/Black Retina/crosshair136.png using Guid(7843c3752ec4faf469acac31ac47869c) Importer(815301076,1909f56bfc062723c751e8b465ee728b)  -> (artifact id: 'd25148807af715328a6bc42a2eff6c6e') in 0.017073 seconds
Number of updated asset objects reloaded before import = 0
Number of asset objects unloaded after import = 3
========================================================================
Received Import Request.
  Time since last request: 0.003929 seconds.
  path: Assets/crosshair/PNG/White Retina/crosshair137.png
  artifactKey: Guid(6310035512801c24e81977765b3f00eb) Importer(815301076,1909f56bfc062723c751e8b465ee728b)
Start importing Assets/crosshair/PNG/White Retina/crosshair137.png using Guid(6310035512801c24e81977765b3f00eb) Importer(815301076,1909f56bfc062723c751e8b465ee728b)  -> (artifact id: 'b89a09b7e986759cbc4d66114d4fff79') in 0.017622 seconds
Number of updated asset objects reloaded before import = 0
Number of asset objects unloaded after import = 3
========================================================================
Received Import Request.
  Time since last request: 0.005111 seconds.
  path: Assets/crosshair/PNG/Outline Retina/crosshair138.png
  artifactKey: Guid(b4187b2a4b4780341a23464ee0cff188) Importer(815301076,1909f56bfc062723c751e8b465ee728b)
Start importing Assets/crosshair/PNG/Outline Retina/crosshair138.png using Guid(b4187b2a4b4780341a23464ee0cff188) Importer(815301076,1909f56bfc062723c751e8b465ee728b)  -> (artifact id: 'eeef34d82f7e96df20a7ae6929fc59af') in 0.018028 seconds
Number of updated asset objects reloaded before import = 0
Number of asset objects unloaded after import = 3
========================================================================
Received Import Request.
  Time since last request: 0.010018 seconds.
  path: Assets/crosshair/PNG/Outline/crosshair139.png
  artifactKey: Guid(4752f4bcd53dcd745beedd344fb4f03e) Importer(815301076,1909f56bfc062723c751e8b465ee728b)
Start importing Assets/crosshair/PNG/Outline/crosshair139.png using Guid(4752f4bcd53dcd745beedd344fb4f03e) Importer(815301076,1909f56bfc062723c751e8b465ee728b)  -> (artifact id: '1edfa81d55c7972bc2cbb3573b3e52c0') in 0.024351 seconds
Number of updated asset objects reloaded before import = 0
Number of asset objects unloaded after import = 6
========================================================================
Received Import Request.
  Time since last request: 1.527507 seconds.
  path: Assets/crosshair/PNG/Black/crosshair140.png
  artifactKey: Guid(92c74c4f66afacc47852b5590cea42e9) Importer(815301076,1909f56bfc062723c751e8b465ee728b)
Start importing Assets/crosshair/PNG/Black/crosshair140.png using Guid(92c74c4f66afacc47852b5590cea42e9) Importer(815301076,1909f56bfc062723c751e8b465ee728b)  -> (artifact id: '1af10b116a72cb2871cfc8c404564844') in 0.018540 seconds
Number of updated asset objects reloaded before import = 0
Number of asset objects unloaded after import = 3
========================================================================
Received Import Request.
  Time since last request: 0.005204 seconds.
  path: Assets/crosshair/PNG/White/crosshair141.png
  artifactKey: Guid(afbd3103588886c49ab22004c965acca) Importer(815301076,1909f56bfc062723c751e8b465ee728b)
Start importing Assets/crosshair/PNG/White/crosshair141.png using Guid(afbd3103588886c49ab22004c965acca) Importer(815301076,1909f56bfc062723c751e8b465ee728b)  -> (artifact id: 'cfc18de77818f9c7b0dbafb9536cb5bf') in 0.017905 seconds
Number of updated asset objects reloaded before import = 0
Number of asset objects unloaded after import = 3
========================================================================
Received Import Request.
  Time since last request: 0.004990 seconds.
  path: Assets/crosshair/PNG/Black Retina/crosshair141.png
  artifactKey: Guid(ee873d10985f1ce4baec8cd2fbf3fe73) Importer(815301076,1909f56bfc062723c751e8b465ee728b)
Start importing Assets/crosshair/PNG/Black Retina/crosshair141.png using Guid(ee873d10985f1ce4baec8cd2fbf3fe73) Importer(815301076,1909f56bfc062723c751e8b465ee728b)  -> (artifact id: 'c7fa367d517b450708df5109abd94eb8') in 0.017545 seconds
Number of updated asset objects reloaded before import = 0
Number of asset objects unloaded after import = 3
========================================================================
Received Import Request.
  Time since last request: 0.005343 seconds.
  path: Assets/crosshair/PNG/White Retina/crosshair144.png
  artifactKey: Guid(633b9a963e2fde74e862d74bd044082a) Importer(815301076,1909f56bfc062723c751e8b465ee728b)
Start importing Assets/crosshair/PNG/White Retina/crosshair144.png using Guid(633b9a963e2fde74e862d74bd044082a) Importer(815301076,1909f56bfc062723c751e8b465ee728b)  -> (artifact id: '32f0b02476756938e5f6a300928b1ce3') in 0.020226 seconds
Number of updated asset objects reloaded before import = 0
Number of asset objects unloaded after import = 4
========================================================================
Received Import Request.
  Time since last request: 0.001314 seconds.
  path: Assets/crosshair/PNG/White/crosshair144.png
  artifactKey: Guid(572a22aa460851a4e96b611ade85ff57) Importer(815301076,1909f56bfc062723c751e8b465ee728b)
Start importing Assets/crosshair/PNG/White/crosshair144.png using Guid(572a22aa460851a4e96b611ade85ff57) Importer(815301076,1909f56bfc062723c751e8b465ee728b)  -> (artifact id: 'be38c537df41c6e97ed21cede84b1f25') in 0.022489 seconds
Number of updated asset objects reloaded before import = 0
Number of asset objects unloaded after import = 4
========================================================================
Received Import Request.
  Time since last request: 0.043872 seconds.
  path: Assets/crosshair/PNG/White/crosshair145.png
  artifactKey: Guid(da0fefecbbaddd641b8d824dc74f0df8) Importer(815301076,1909f56bfc062723c751e8b465ee728b)
Start importing Assets/crosshair/PNG/White/crosshair145.png using Guid(da0fefecbbaddd641b8d824dc74f0df8) Importer(815301076,1909f56bfc062723c751e8b465ee728b)  -> (artifact id: '32515844f547ea4dba5577b4b271d1df') in 0.039947 seconds
Number of updated asset objects reloaded before import = 0
Number of asset objects unloaded after import = 10
========================================================================
Received Import Request.
  Time since last request: 4.382769 seconds.
  path: Assets/crosshair/PNG/Black Retina/crosshair148.png
  artifactKey: Guid(5eaf8205ccfd95947bb94f592d227693) Importer(815301076,1909f56bfc062723c751e8b465ee728b)
Start importing Assets/crosshair/PNG/Black Retina/crosshair148.png using Guid(5eaf8205ccfd95947bb94f592d227693) Importer(815301076,1909f56bfc062723c751e8b465ee728b)  -> (artifact id: '53db174108810af54b87b8bea34892c2') in 0.034227 seconds
Number of updated asset objects reloaded before import = 0
Number of asset objects unloaded after import = 10
========================================================================
Received Import Request.
  Time since last request: 0.105193 seconds.
  path: Assets/crosshair/PNG/Outline/crosshair154.png
  artifactKey: Guid(f3e09ca7c8434c24e9f380e6144e28d7) Importer(815301076,1909f56bfc062723c751e8b465ee728b)
Start importing Assets/crosshair/PNG/Outline/crosshair154.png using Guid(f3e09ca7c8434c24e9f380e6144e28d7) Importer(815301076,1909f56bfc062723c751e8b465ee728b)  -> (artifact id: '43925eff27c08022d0cf77df7fc8b498') in 0.023913 seconds
Number of updated asset objects reloaded before import = 0
Number of asset objects unloaded after import = 4
========================================================================
Received Import Request.
  Time since last request: 0.000017 seconds.
  path: Assets/crosshair/PNG/White Retina/crosshair155.png
  artifactKey: Guid(cb2bcf7f3163d60418868a678df0fd4a) Importer(815301076,1909f56bfc062723c751e8b465ee728b)
Start importing Assets/crosshair/PNG/White Retina/crosshair155.png using Guid(cb2bcf7f3163d60418868a678df0fd4a) Importer(815301076,1909f56bfc062723c751e8b465ee728b)  -> (artifact id: '039b7f63819739c7c73ed2c4b6dc78cd') in 0.023242 seconds
Number of updated asset objects reloaded before import = 0
Number of asset objects unloaded after import = 5
========================================================================
Received Import Request.
  Time since last request: 0.000897 seconds.
  path: Assets/crosshair/PNG/White/crosshair155.png
  artifactKey: Guid(9a590900bf78e284daddcf4e7e189c5a) Importer(815301076,1909f56bfc062723c751e8b465ee728b)
Start importing Assets/crosshair/PNG/White/crosshair155.png using Guid(9a590900bf78e284daddcf4e7e189c5a) Importer(815301076,1909f56bfc062723c751e8b465ee728b)  -> (artifact id: '10ad5c007695477121021b3cbaaf9d3c') in 0.022239 seconds
Number of updated asset objects reloaded before import = 0
Number of asset objects unloaded after import = 5
========================================================================
Received Import Request.
  Time since last request: 0.001293 seconds.
  path: Assets/crosshair/PNG/Outline/crosshair156.png
  artifactKey: Guid(68fb50823a3b67641a75ee8cea5ef245) Importer(815301076,1909f56bfc062723c751e8b465ee728b)
Start importing Assets/crosshair/PNG/Outline/crosshair156.png using Guid(68fb50823a3b67641a75ee8cea5ef245) Importer(815301076,1909f56bfc062723c751e8b465ee728b)  -> (artifact id: '6089441bd8854974223d1995bb5815ee') in 0.029315 seconds
Number of updated asset objects reloaded before import = 0
Number of asset objects unloaded after import = 5
========================================================================
Received Import Request.
  Time since last request: 0.019936 seconds.
  path: Assets/crosshair/PNG/White Retina/crosshair157.png
  artifactKey: Guid(282155e18c89bb042aab25bdeeb524ff) Importer(815301076,1909f56bfc062723c751e8b465ee728b)
Start importing Assets/crosshair/PNG/White Retina/crosshair157.png using Guid(282155e18c89bb042aab25bdeeb524ff) Importer(815301076,1909f56bfc062723c751e8b465ee728b)  -> (artifact id: '9474743d85352af1c6a28566f2557068') in 0.021538 seconds
Number of updated asset objects reloaded before import = 0
Number of asset objects unloaded after import = 5
========================================================================
Received Import Request.
  Time since last request: 0.001051 seconds.
  path: Assets/crosshair/PNG/Black/crosshair157.png
  artifactKey: Guid(2c56e903be15b8b49a04376f30fcf9d3) Importer(815301076,1909f56bfc062723c751e8b465ee728b)
Start importing Assets/crosshair/PNG/Black/crosshair157.png using Guid(2c56e903be15b8b49a04376f30fcf9d3) Importer(815301076,1909f56bfc062723c751e8b465ee728b)  -> (artifact id: '06eb83199d1df5714a16b548f58bf657') in 0.027237 seconds
Number of updated asset objects reloaded before import = 0
Number of asset objects unloaded after import = 5
========================================================================
Received Prepare
Begin MonoManager ReloadAssembly
C:\build\output\Unity-Technologies\mono\mono\metadata\icall.c:1842:
C:\build\output\Unity-Technologies\mono\mono\metadata\icall.c:1842:
C:\build\output\Unity-Technologies\mono\mono\metadata\icall.c:1842:
C:\build\output\Unity-Technologies\mono\mono\metadata\icall.c:1842:
C:\build\output\Unity-Technologies\mono\mono\metadata\icall.c:1842:
C:\build\output\Unity-Technologies\mono\mono\metadata\icall.c:1842:
C:\build\output\Unity-Technologies\mono\mono\metadata\icall.c:1842:
C:\build\output\Unity-Technologies\mono\mono\metadata\icall.c:1842:
C:\build\output\Unity-Technologies\mono\mono\metadata\icall.c:1842:
C:\build\output\Unity-Technologies\mono\mono\metadata\icall.c:1842:
C:\build\output\Unity-Technologies\mono\mono\metadata\icall.c:1842:
C:\build\output\Unity-Technologies\mono\mono\metadata\icall.c:1842:
Symbol file LoadedFromMemory doesn't match image C:\Users\user\Desktop\P1\test_unity\2d\Library\PackageCache\com.unity.visualscripting@1.8.0\Editor\VisualScripting.Core\Dependencies\YamlDotNet\Unity.VisualScripting.YamlDotNet.dll
Symbol file LoadedFromMemory doesn't match image C:\Users\user\Desktop\P1\test_unity\2d\Library\PackageCache\com.unity.visualscripting@1.8.0\Editor\VisualScripting.Core\Dependencies\DotNetZip\Unity.VisualScripting.IonicZip.dll
- Loaded All Assemblies, in  0.750 seconds
Refreshing native plugins compatible for Editor in 3.91 ms, found 4 plugins.
Native extension for WindowsStandalone target not found
Mono: successfully reloaded assembly
- Finished resetting the current domain, in  0.879 seconds
Domain Reload Profiling: 1626ms
	BeginReloadAssembly (203ms)
		ExecutionOrderSort (0ms)
		DisableScriptedObjects (12ms)
		BackupInstance (0ms)
		ReleaseScriptingObjects (0ms)
		CreateAndSetChildDomain (58ms)
	RebuildCommonClasses (35ms)
	RebuildNativeTypeToScriptingClass (13ms)
	initialDomainReloadingComplete (28ms)
	LoadAllAssembliesAndSetupDomain (467ms)
		LoadAssemblies (293ms)
		RebuildTransferFunctionScriptingTraits (0ms)
		AnalyzeDomain (270ms)
			TypeCache.Refresh (258ms)
				TypeCache.ScanAssembly (244ms)
			ScanForSourceGeneratedMonoScriptInfo (5ms)
			ResolveRequiredComponents (6ms)
	FinalizeReload (880ms)
		ReleaseScriptCaches (0ms)
		RebuildScriptCaches (0ms)
		SetupLoadedEditorAssemblies (377ms)
			LogAssemblyErrors (0ms)
			InitializePlatformSupportModulesInManaged (5ms)
			SetLoadedEditorAssemblies (3ms)
			BeforeProcessingInitializeOnLoad (88ms)
			ProcessInitializeOnLoadAttributes (248ms)
			ProcessInitializeOnLoadMethodAttributes (29ms)
			AfterProcessingInitializeOnLoad (3ms)
			EditorAssembliesLoaded (0ms)
		ExecutionOrderSort2 (0ms)
		AwakeInstancesAfterBackupRestoration (8ms)
Refreshing native plugins compatible for Editor in 3.16 ms, found 4 plugins.
Preloading 0 native plugins for Editor in 0.00 ms.
Unloading 4070 Unused Serialized files (Serialized files now loaded: 0)
Unloading 34 unused Assets / (34.6 KB). Loaded Objects now: 4747.
Memory consumption went from 143.3 MB to 143.3 MB.
Total: 5.527200 ms (FindLiveObjects: 0.334900 ms CreateObjectMapping: 0.175100 ms MarkObjects: 4.923900 ms  DeleteObjects: 0.092000 ms)

Prepare: number of updated asset objects reloaded= 0
AssetImportParameters requested are different than current active one (requested -> active):
  custom:video-decoder-webm-vp8: 9c59270c3fd7afecdb556c50c9e8de78 -> 
  custom:audio-encoder-webm-vorbis: bf7c407c2cedff20999df2af8eb42d56 -> 
  custom:AudioImporter_EditorPlatform: d09bf68614088b80899f8185d706f6e7 -> 
  custom:audio-decoder-ogg-vorbis: bf7c407c2cedff20999df2af8eb42d56 -> 
  custom:video-encoder-webm-vp8: eb34c28f22e8b96e1ab97ce403110664 -> 
  custom:container-demuxer-ogg: 62fdf1f143b41e24485cea50d1cbac27 -> 
  custom:framework-win-MediaFoundation: 216162199b28c13a410421893ffa2e32 -> 
  custom:video-decoder-ogg-theora: a1e56fd34408186e4bbccfd4996cb3dc -> 
  custom:container-muxer-webm: aa71ff27fc2769a1b78a27578f13a17b -> 
  custom:video-codec-MediaFoundation-h265: 746d11721c4dcdbdad8f713fa42b33f4 -> 
  custom:CustomObjectIndexerAttribute: 756ad292c208cfabdd7b50bc23989ffe -> 
  custom:container-demuxer-webm: 4f35f7cbe854078d1ac9338744f61a02 -> 
========================================================================
Received Import Request.
  Time since last request: 92.043481 seconds.
  path: Assets/Player/Scripts/BulletController.cs
  artifactKey: Guid(08984718165a2974189f13d5728703e3) Importer(815301076,1909f56bfc062723c751e8b465ee728b)
Start importing Assets/Player/Scripts/BulletController.cs using Guid(08984718165a2974189f13d5728703e3) Importer(815301076,1909f56bfc062723c751e8b465ee728b)  -> (artifact id: '1911f56a14af1def47e6390657cc721b') in 0.002170 seconds
Number of updated asset objects reloaded before import = 0
Number of asset objects unloaded after import = 0
========================================================================
Received Prepare
Begin MonoManager ReloadAssembly
C:\build\output\Unity-Technologies\mono\mono\metadata\icall.c:1842:
C:\build\output\Unity-Technologies\mono\mono\metadata\icall.c:1842:
C:\build\output\Unity-Technologies\mono\mono\metadata\icall.c:1842:
C:\build\output\Unity-Technologies\mono\mono\metadata\icall.c:1842:
C:\build\output\Unity-Technologies\mono\mono\metadata\icall.c:1842:
C:\build\output\Unity-Technologies\mono\mono\metadata\icall.c:1842:
C:\build\output\Unity-Technologies\mono\mono\metadata\icall.c:1842:
C:\build\output\Unity-Technologies\mono\mono\metadata\icall.c:1842:
C:\build\output\Unity-Technologies\mono\mono\metadata\icall.c:1842:
C:\build\output\Unity-Technologies\mono\mono\metadata\icall.c:1842:
C:\build\output\Unity-Technologies\mono\mono\metadata\icall.c:1842:
C:\build\output\Unity-Technologies\mono\mono\metadata\icall.c:1842:
Symbol file LoadedFromMemory doesn't match image C:\Users\user\Desktop\P1\test_unity\2d\Library\PackageCache\com.unity.visualscripting@1.8.0\Editor\VisualScripting.Core\Dependencies\YamlDotNet\Unity.VisualScripting.YamlDotNet.dll
Symbol file LoadedFromMemory doesn't match image C:\Users\user\Desktop\P1\test_unity\2d\Library\PackageCache\com.unity.visualscripting@1.8.0\Editor\VisualScripting.Core\Dependencies\DotNetZip\Unity.VisualScripting.IonicZip.dll
- Loaded All Assemblies, in  0.779 seconds
Refreshing native plugins compatible for Editor in 2.75 ms, found 4 plugins.
Native extension for WindowsStandalone target not found
Mono: successfully reloaded assembly
- Finished resetting the current domain, in  0.882 seconds
Domain Reload Profiling: 1658ms
	BeginReloadAssembly (196ms)
		ExecutionOrderSort (0ms)
		DisableScriptedObjects (19ms)
		BackupInstance (0ms)
		ReleaseScriptingObjects (0ms)
		CreateAndSetChildDomain (52ms)
	RebuildCommonClasses (33ms)
	RebuildNativeTypeToScriptingClass (11ms)
	initialDomainReloadingComplete (26ms)
	LoadAllAssembliesAndSetupDomain (510ms)
		LoadAssemblies (314ms)
		RebuildTransferFunctionScriptingTraits (0ms)
		AnalyzeDomain (285ms)
			TypeCache.Refresh (273ms)
				TypeCache.ScanAssembly (258ms)
			ScanForSourceGeneratedMonoScriptInfo (5ms)
			ResolveRequiredComponents (6ms)
	FinalizeReload (883ms)
		ReleaseScriptCaches (0ms)
		RebuildScriptCaches (0ms)
		SetupLoadedEditorAssemblies (403ms)
			LogAssemblyErrors (0ms)
			InitializePlatformSupportModulesInManaged (5ms)
			SetLoadedEditorAssemblies (3ms)
			BeforeProcessingInitializeOnLoad (97ms)
			ProcessInitializeOnLoadAttributes (270ms)
			ProcessInitializeOnLoadMethodAttributes (26ms)
			AfterProcessingInitializeOnLoad (3ms)
			EditorAssembliesLoaded (0ms)
		ExecutionOrderSort2 (0ms)
		AwakeInstancesAfterBackupRestoration (8ms)
Refreshing native plugins compatible for Editor in 2.45 ms, found 4 plugins.
Preloading 0 native plugins for Editor in 0.00 ms.
Unloading 4070 Unused Serialized files (Serialized files now loaded: 0)
Unloading 34 unused Assets / (34.6 KB). Loaded Objects now: 4749.
Memory consumption went from 143.3 MB to 143.3 MB.
Total: 4.192600 ms (FindLiveObjects: 0.297200 ms CreateObjectMapping: 0.138800 ms MarkObjects: 3.663100 ms  DeleteObjects: 0.092500 ms)

Prepare: number of updated asset objects reloaded= 0
AssetImportParameters requested are different than current active one (requested -> active):
  custom:video-decoder-webm-vp8: 9c59270c3fd7afecdb556c50c9e8de78 -> 
  custom:audio-encoder-webm-vorbis: bf7c407c2cedff20999df2af8eb42d56 -> 
  custom:AudioImporter_EditorPlatform: d09bf68614088b80899f8185d706f6e7 -> 
  custom:audio-decoder-ogg-vorbis: bf7c407c2cedff20999df2af8eb42d56 -> 
  custom:video-encoder-webm-vp8: eb34c28f22e8b96e1ab97ce403110664 -> 
  custom:container-demuxer-ogg: 62fdf1f143b41e24485cea50d1cbac27 -> 
  custom:framework-win-MediaFoundation: 216162199b28c13a410421893ffa2e32 -> 
  custom:video-decoder-ogg-theora: a1e56fd34408186e4bbccfd4996cb3dc -> 
  custom:container-muxer-webm: aa71ff27fc2769a1b78a27578f13a17b -> 
  custom:video-codec-MediaFoundation-h265: 746d11721c4dcdbdad8f713fa42b33f4 -> 
  custom:CustomObjectIndexerAttribute: 756ad292c208cfabdd7b50bc23989ffe -> 
  custom:container-demuxer-webm: 4f35f7cbe854078d1ac9338744f61a02 -> 
========================================================================
Received Prepare
Begin MonoManager ReloadAssembly
C:\build\output\Unity-Technologies\mono\mono\metadata\icall.c:1842:
C:\build\output\Unity-Technologies\mono\mono\metadata\icall.c:1842:
C:\build\output\Unity-Technologies\mono\mono\metadata\icall.c:1842:
C:\build\output\Unity-Technologies\mono\mono\metadata\icall.c:1842:
C:\build\output\Unity-Technologies\mono\mono\metadata\icall.c:1842:
C:\build\output\Unity-Technologies\mono\mono\metadata\icall.c:1842:
C:\build\output\Unity-Technologies\mono\mono\metadata\icall.c:1842:
C:\build\output\Unity-Technologies\mono\mono\metadata\icall.c:1842:
C:\build\output\Unity-Technologies\mono\mono\metadata\icall.c:1842:
C:\build\output\Unity-Technologies\mono\mono\metadata\icall.c:1842:
C:\build\output\Unity-Technologies\mono\mono\metadata\icall.c:1842:
C:\build\output\Unity-Technologies\mono\mono\metadata\icall.c:1842:
Symbol file LoadedFromMemory doesn't match image C:\Users\user\Desktop\P1\test_unity\2d\Library\PackageCache\com.unity.visualscripting@1.8.0\Editor\VisualScripting.Core\Dependencies\YamlDotNet\Unity.VisualScripting.YamlDotNet.dll
Symbol file LoadedFromMemory doesn't match image C:\Users\user\Desktop\P1\test_unity\2d\Library\PackageCache\com.unity.visualscripting@1.8.0\Editor\VisualScripting.Core\Dependencies\DotNetZip\Unity.VisualScripting.IonicZip.dll
- Loaded All Assemblies, in  0.783 seconds
Refreshing native plugins compatible for Editor in 2.65 ms, found 4 plugins.
Native extension for WindowsStandalone target not found
Mono: successfully reloaded assembly
- Finished resetting the current domain, in  0.896 seconds
Domain Reload Profiling: 1678ms
	BeginReloadAssembly (175ms)
		ExecutionOrderSort (0ms)
		DisableScriptedObjects (13ms)
		BackupInstance (0ms)
		ReleaseScriptingObjects (0ms)
		CreateAndSetChildDomain (49ms)
	RebuildCommonClasses (28ms)
	RebuildNativeTypeToScriptingClass (10ms)
	initialDomainReloadingComplete (22ms)
	LoadAllAssembliesAndSetupDomain (546ms)
		LoadAssemblies (269ms)
		RebuildTransferFunctionScriptingTraits (0ms)
		AnalyzeDomain (357ms)
			TypeCache.Refresh (349ms)
				TypeCache.ScanAssembly (335ms)
			ScanForSourceGeneratedMonoScriptInfo (3ms)
			ResolveRequiredComponents (3ms)
	FinalizeReload (897ms)
		ReleaseScriptCaches (0ms)
		RebuildScriptCaches (0ms)
		SetupLoadedEditorAssemblies (386ms)
			LogAssemblyErrors (0ms)
			InitializePlatformSupportModulesInManaged (5ms)
			SetLoadedEditorAssemblies (3ms)
			BeforeProcessingInitializeOnLoad (86ms)
			ProcessInitializeOnLoadAttributes (259ms)
			ProcessInitializeOnLoadMethodAttributes (29ms)
			AfterProcessingInitializeOnLoad (3ms)
			EditorAssembliesLoaded (0ms)
		ExecutionOrderSort2 (0ms)
		AwakeInstancesAfterBackupRestoration (9ms)
Refreshing native plugins compatible for Editor in 4.01 ms, found 4 plugins.
Preloading 0 native plugins for Editor in 0.00 ms.
Unloading 4072 Unused Serialized files (Serialized files now loaded: 0)
Unloading 34 unused Assets / (34.8 KB). Loaded Objects now: 4752.
Memory consumption went from 143.6 MB to 143.6 MB.
Total: 5.072900 ms (FindLiveObjects: 0.351200 ms CreateObjectMapping: 0.179600 ms MarkObjects: 4.460000 ms  DeleteObjects: 0.080900 ms)

Prepare: number of updated asset objects reloaded= 0
AssetImportParameters requested are different than current active one (requested -> active):
  custom:video-decoder-webm-vp8: 9c59270c3fd7afecdb556c50c9e8de78 -> 
  custom:audio-encoder-webm-vorbis: bf7c407c2cedff20999df2af8eb42d56 -> 
  custom:AudioImporter_EditorPlatform: d09bf68614088b80899f8185d706f6e7 -> 
  custom:audio-decoder-ogg-vorbis: bf7c407c2cedff20999df2af8eb42d56 -> 
  custom:video-encoder-webm-vp8: eb34c28f22e8b96e1ab97ce403110664 -> 
  custom:container-demuxer-ogg: 62fdf1f143b41e24485cea50d1cbac27 -> 
  custom:framework-win-MediaFoundation: 216162199b28c13a410421893ffa2e32 -> 
  custom:video-decoder-ogg-theora: a1e56fd34408186e4bbccfd4996cb3dc -> 
  custom:container-muxer-webm: aa71ff27fc2769a1b78a27578f13a17b -> 
  custom:video-codec-MediaFoundation-h265: 746d11721c4dcdbdad8f713fa42b33f4 -> 
  custom:CustomObjectIndexerAttribute: 756ad292c208cfabdd7b50bc23989ffe -> 
  custom:container-demuxer-webm: 4f35f7cbe854078d1ac9338744f61a02 -> 
========================================================================
Received Import Request.
  Time since last request: 274.033167 seconds.
  path: Assets/Player/Scripts/BulletPoolManager.cs
  artifactKey: Guid(94c92ead18e034b43b83185f3e3ffd9e) Importer(815301076,1909f56bfc062723c751e8b465ee728b)
Start importing Assets/Player/Scripts/BulletPoolManager.cs using Guid(94c92ead18e034b43b83185f3e3ffd9e) Importer(815301076,1909f56bfc062723c751e8b465ee728b)  -> (artifact id: 'aebd2b1973bff37b4d7a12d73c0c8afc') in 0.002797 seconds
Number of updated asset objects reloaded before import = 0
Number of asset objects unloaded after import = 0
========================================================================
Received Prepare
Begin MonoManager ReloadAssembly
C:\build\output\Unity-Technologies\mono\mono\metadata\icall.c:1842:
C:\build\output\Unity-Technologies\mono\mono\metadata\icall.c:1842:
C:\build\output\Unity-Technologies\mono\mono\metadata\icall.c:1842:
C:\build\output\Unity-Technologies\mono\mono\metadata\icall.c:1842:
C:\build\output\Unity-Technologies\mono\mono\metadata\icall.c:1842:
C:\build\output\Unity-Technologies\mono\mono\metadata\icall.c:1842:
C:\build\output\Unity-Technologies\mono\mono\metadata\icall.c:1842:
C:\build\output\Unity-Technologies\mono\mono\metadata\icall.c:1842:
C:\build\output\Unity-Technologies\mono\mono\metadata\icall.c:1842:
C:\build\output\Unity-Technologies\mono\mono\metadata\icall.c:1842:
C:\build\output\Unity-Technologies\mono\mono\metadata\icall.c:1842:
C:\build\output\Unity-Technologies\mono\mono\metadata\icall.c:1842:
Symbol file LoadedFromMemory doesn't match image C:\Users\user\Desktop\P1\test_unity\2d\Library\PackageCache\com.unity.visualscripting@1.8.0\Editor\VisualScripting.Core\Dependencies\YamlDotNet\Unity.VisualScripting.YamlDotNet.dll
Symbol file LoadedFromMemory doesn't match image C:\Users\user\Desktop\P1\test_unity\2d\Library\PackageCache\com.unity.visualscripting@1.8.0\Editor\VisualScripting.Core\Dependencies\DotNetZip\Unity.VisualScripting.IonicZip.dll
- Loaded All Assemblies, in  0.732 seconds
Refreshing native plugins compatible for Editor in 2.49 ms, found 4 plugins.
Native extension for WindowsStandalone target not found
Mono: successfully reloaded assembly
- Finished resetting the current domain, in  0.818 seconds
Domain Reload Profiling: 1547ms
	BeginReloadAssembly (196ms)
		ExecutionOrderSort (0ms)
		DisableScriptedObjects (16ms)
		BackupInstance (0ms)
		ReleaseScriptingObjects (0ms)
		CreateAndSetChildDomain (63ms)
	RebuildCommonClasses (36ms)
	RebuildNativeTypeToScriptingClass (10ms)
	initialDomainReloadingComplete (22ms)
	LoadAllAssembliesAndSetupDomain (465ms)
		LoadAssemblies (285ms)
		RebuildTransferFunctionScriptingTraits (0ms)
		AnalyzeDomain (260ms)
			TypeCache.Refresh (253ms)
				TypeCache.ScanAssembly (238ms)
			ScanForSourceGeneratedMonoScriptInfo (3ms)
			ResolveRequiredComponents (3ms)
	FinalizeReload (818ms)
		ReleaseScriptCaches (0ms)
		RebuildScriptCaches (0ms)
		SetupLoadedEditorAssemblies (383ms)
			LogAssemblyErrors (0ms)
			InitializePlatformSupportModulesInManaged (6ms)
			SetLoadedEditorAssemblies (5ms)
			BeforeProcessingInitializeOnLoad (93ms)
			ProcessInitializeOnLoadAttributes (248ms)
			ProcessInitializeOnLoadMethodAttributes (29ms)
			AfterProcessingInitializeOnLoad (3ms)
			EditorAssembliesLoaded (0ms)
		ExecutionOrderSort2 (0ms)
		AwakeInstancesAfterBackupRestoration (7ms)
Refreshing native plugins compatible for Editor in 2.94 ms, found 4 plugins.
Preloading 0 native plugins for Editor in 0.00 ms.
Unloading 4071 Unused Serialized files (Serialized files now loaded: 0)
Unloading 34 unused Assets / (35.8 KB). Loaded Objects now: 4754.
Memory consumption went from 143.4 MB to 143.3 MB.
Total: 4.811900 ms (FindLiveObjects: 0.313400 ms CreateObjectMapping: 0.128600 ms MarkObjects: 4.288800 ms  DeleteObjects: 0.079600 ms)

Prepare: number of updated asset objects reloaded= 0
AssetImportParameters requested are different than current active one (requested -> active):
  custom:video-decoder-webm-vp8: 9c59270c3fd7afecdb556c50c9e8de78 -> 
  custom:audio-encoder-webm-vorbis: bf7c407c2cedff20999df2af8eb42d56 -> 
  custom:AudioImporter_EditorPlatform: d09bf68614088b80899f8185d706f6e7 -> 
  custom:audio-decoder-ogg-vorbis: bf7c407c2cedff20999df2af8eb42d56 -> 
  custom:video-encoder-webm-vp8: eb34c28f22e8b96e1ab97ce403110664 -> 
  custom:container-demuxer-ogg: 62fdf1f143b41e24485cea50d1cbac27 -> 
  custom:framework-win-MediaFoundation: 216162199b28c13a410421893ffa2e32 -> 
  custom:video-decoder-ogg-theora: a1e56fd34408186e4bbccfd4996cb3dc -> 
  custom:container-muxer-webm: aa71ff27fc2769a1b78a27578f13a17b -> 
  custom:video-codec-MediaFoundation-h265: 746d11721c4dcdbdad8f713fa42b33f4 -> 
  custom:CustomObjectIndexerAttribute: 756ad292c208cfabdd7b50bc23989ffe -> 
  custom:container-demuxer-webm: 4f35f7cbe854078d1ac9338744f61a02 -> 
